
         ==============================
         S N O P T  7.4-1.2  (Feb 2015)
         ==============================
1
 
 SNMEMA EXIT 100 -- finished successfully
 SNMEMA INFO 104 -- memory requirements estimated
1
 
 Parameters
 ==========

 Files
 -----
 Solution file..........         0       Old basis file ........         0       Standard input.........         5
 Insert file............         0       New basis file ........         0       (Printer)..............        10
 Punch file.............         0       Backup basis file......         0       (Specs file)...........         0
 Load file..............         0       Dump file..............         0       Standard output........         6

 Frequencies
 -----------
 Print frequency........       100       Check frequency........        60       Save new basis map.....       100
 Summary frequency......       100       Factorization frequency        50       Expand frequency.......     10000

 QP subproblems
 --------------
 QPsolver Cholesky......
 Scale tolerance........     0.900       Minor feasibility tol..  1.00E-06       Iteration limit........    300000
 Scale option...........         0       Minor optimality  tol..  1.00E-06       Minor print level......         1
 Crash tolerance........     0.100       Pivot tolerance........  3.25E-11       New superbasics........        99
 Crash option...........         3       Elastic weight.........  1.00E+05

 Partial pricing
 ---------------
 LP Partial price.......         1       Prtl price section ( A)      2542       Prtl price section (-I)      3440
 QP Partial price.......         1       Prtl price section ( A)      2542       Prtl price section (-I)      3440

 The SQP Method
 --------------
 Minimize...............                 Cold start.............                 Proximal Point method..         1
 Nonlinear objectiv vars      1333       Objective Row..........         1       Function precision.....  3.00E-13
 Unbounded step size....  1.00E+20       Superbasics limit......      2000       Difference interval....  5.48E-07
 Unbounded objective....  1.00E+15       Reduced Hessian dim....      2000       Central difference int.  6.70E-05
 Major step limit.......  2.00E+00       Derivative linesearch..                 Derivative option......         1
 Major iterations limit.       200       Linesearch tolerance...   0.90000       Verify level...........         0
 Minor iterations limit.       500       Penalty parameter......  0.00E+00       Major Print Level......         1
 Time limit (secs)...... 9999999.0       Major optimality tol...  1.00E-04

 Hessian Approximation
 ---------------------
 Limited-Memory Hessian.                 Hessian updates........        10       Hessian frequency......  99999999
                                                                                 Hessian flush..........  99999999

 Nonlinear constraints
 ---------------------
 Nonlinear constraints..      2366       Major feasibility tol..  5.00E-06       Violation limit........  1.00E+01
 Nonlinear Jacobian vars      2182

 Miscellaneous
 -------------
 LU factor tolerance....      3.99       LU singularity tol.....  3.25E-11       Timing level...........         0
 LU update tolerance....      3.99       LU swap tolerance......  1.22E-04       Debug level............         0
 LU partial  pivoting...                 eps (machine precision)  2.22E-16       System information.....        No
                                                                                 Sticky parameters......        No
1
 

 

 Matrix statistics
 -----------------
               Total      Normal        Free       Fixed     Bounded
 Rows           3440        1066         527        1816          31
 Columns        2542          31        1276         108        1127

 No. of matrix elements                93515     Density       1.069
 Biggest  constant element        1.3321E+02  (excluding fixed columns,
 Smallest constant element        1.0000E+00   free rows, and RHS)

 No. of objective coefficients             0

 Nonlinear constraints    2366     Linear constraints    1074
 Nonlinear variables      2182     Linear variables       360
 Jacobian  variables      2182     Objective variables   1333
 Total constraints        3440     Total variables       2542
1
 

 
 The user has defined   92397   out of   92397   first  derivatives

 Cheap test of user-supplied problem derivatives...

 The constraint gradients seem to be OK.

 -->  The largest discrepancy was    3.73E-06  in constraint  2915
 

 The objective  gradients seem to be OK.

 Gradient projected in one direction  -1.43074588205E+00
 Difference approximation             -1.43074385128E+00
1
 

    Itn     FP mult  FP step   rgNorm          NumInf         SumInf   +SBS   -SBS    -BS    Pivot     L+U ncp    nS condZHZ
    116     1.3E+03  1.6E-09                      495  5.1250373E+02   2599   2599   2583            25225
    216     1.3E+03  9.8E-09                      433  3.0917890E+02   2583   2583   2605            27036
    316     1.5E+02  3.2E-12                      418  2.7344910E+02    557    557   4307            28867
    416     4.1E+01  9.5E-09                      408  2.4523450E+02   1266   1266   4578            30453
    516     8.2E+02  2.5E-07                      401  2.2172571E+02   2571   2571   2557            31993
    616    -1.5E+02  5.5E-07                      379  1.7314267E+02     13     13   2557            32328
    716     4.5E+00  6.2E-02                      353  1.4133046E+02    749    749     12            33291
    816    -7.5E+00  3.1E-04                      321  1.1016790E+02    463    463   2581            33853
    916    -3.2E+00  6.8E-08                      295  9.4551390E+01   1292   1292   3771            34819
   1016     4.6E+01  2.2E-06                      282  8.7173932E+01   2565   2565   2549  6.9E-01   37333
   1116     2.3E+01  8.0E-05                      273  7.9035317E+01   2569   2569   2549  3.1E-01   40290
   1216     3.1E+01  1.3E-05                      262  7.4458837E+01   2581   2581   2555  8.3E-01   38192
   1316    -8.0E-02  1.4E-01                      246  7.0700831E+01    956    956     83  1.0E-01   40345
   1416     5.5E+00  6.2E-04                      222  6.7120958E+01   2579   2579   3794  2.0E+00   41256
   1516    -2.0E+00  6.5E-03                      219  6.5678817E+01   3958   3958    178 -4.5E+00   41835

    Itn     QP mult  QP step   rgNorm  SumInfE NonOpt Elastic QP obj   +SBS   -SBS    -BS    Pivot     L+U ncp    nS condZHZ
   1616     2.6E+08  1.2E-03           6.4E+01    665  6.1171110E+08   3753   3753   2603  9.0E-02   41335
   1716    -1.5E+10  1.5E-03           4.1E+01    739  3.8652766E+08   2547   2547   3728 -3.7E+01   42501
   1816     7.0E+08  1.7E-11           3.4E+01    736  3.2533327E+08   4885   4885   4891  1.0E+00   42132
   1916    -2.0E+10  6.2E-04           2.8E+01    923  2.6743057E+08   3729   3729   3994 -4.2E+00   39991
   2016     1.7E+08  8.9E-03           2.1E+01    630  2.0229006E+08   4903   4903   4573  1.1E+00   35921
   2116    -3.6E+07  1.3E-03           1.9E+01     67  1.7995171E+08    487    487   4585 -5.3E-02   36322
   2216     4.1E+07  1.4E-02           1.7E+01     34  1.6583579E+08   4420   4420    415 -5.5E+00   38939
   2316    -2.6E+07  2.2E-02           1.7E+01     37  1.5951966E+08   4690   4690   4420 -9.6E-01   38462
   2416     5.5E+04  3.8E-01           1.6E+01      6  1.5575868E+08   1229   1229    105 -8.5E-02   40516
 

   Itns Major Minors    Step   nCon Feasible  Optimal  MeritFunction     L+U BSwap     nS condZHZ Penalty
   2445     0   2429              1  9.0E+00  2.6E-02  4.0361057E+10   41339                              _  r it

    Itn     FP mult  FP step   rgNorm  SumInfE NumInf         SumInf   +SBS   -SBS    -BS    Pivot     L+U ncp    nS condZHZ
   2545     1.9E+04  3.7E-11           1.8E+01     77  4.1394703E+02   4745   4745   4584            44218
   2645    -1.2E+04  2.9E-10           1.9E+01     72  2.4554225E+02   4158   4158   4157            42604
   2745     3.9E+04  2.1E-11           1.9E+01     58  9.4765184E+01   4164   4164   3887            42040
   2845    -4.8E+04  1.0E-15           2.0E+01     56  5.4490588E+01   4343   4343   4628            43315
   2945     1.9E+05  1.3E-14           2.3E+01     43  2.0279139E+01   4077   4077   4233            42893
   3045     8.7E+02  5.6E-14           2.3E+01     41  1.5410230E+01   4213   4213   3928            42047
   3145     1.6E+02  3.0E-13           2.5E+01     26  9.5228892E+00   4495   4495   4381            41875
   3245     5.5E+01  9.0E-13           2.6E+01     25  8.0959858E+00   4582   4582   4588            40384
   3345     1.7E+01  6.2E-05           2.9E+01      8  2.0352915E+00   4756   4756   1298            39799
   3445     3.0E+01  1.6E-12           3.0E+01      2  4.8594293E-01   3799   3799   3802            38976
   3545     7.5E-01  2.9E-04           3.2E+01      1  2.8243777E-02   4240   4240    553            37546

    Itn     QP mult  QP step   rgNorm  SumInfE NonOpt Elastic QP obj   +SBS   -SBS    -BS    Pivot     L+U ncp    nS condZHZ
   3645    -1.0E+08  5.8E-04           3.1E+01    413  2.9087536E+08   4861   4861   4867  1.0E+00   37209
   3745    -1.9E+09  2.7E-10           2.8E+01    333  2.7024981E+08   4369   4369   4771  1.0E+00   37593
   3845    -5.1E+08  2.6E-11           2.5E+01    352  2.3947454E+08   3907   3907   3898  1.0E+00   37379
   3945    -8.4E+07  5.9E-06           2.3E+01    382  2.2158562E+08   4246   4246      9  5.5E-01   38514
   4045    -5.3E+07  3.0E-11           2.2E+01    340  2.1093567E+08   3934   3934   3805  1.0E+00   39197
   4145     3.6E+08  3.0E-10           2.2E+01    225  2.0709445E+08   4366   4366   4483 -1.0E+00   37836
   4245    -1.2E+08  9.8E-04           2.1E+01    184  2.0400609E+08   3746   3746    467  1.3E+00   38584
   4345    -2.4E+07  5.8E-11           2.1E+01    167  2.0074140E+08   4393   4393   4513  1.0E+00   38399
   4445     4.7E+07  8.0E-05           2.1E+01    191  1.9934542E+08   4634   4634   4616  3.1E-01   38766
   4545    -3.8E+07  1.8E-07           2.1E+01    170  1.9697958E+08   4208   4208   3806 -1.0E+00   37804
   4645    -3.2E+07  4.7E-10           2.0E+01    145  1.9433353E+08   3823   3823   3937 -1.0E+00   37699
   4745     7.2E+08  1.3E-03           2.0E+01    175  1.9335433E+08   3812   3812   3296 -7.4E+00   38422
   4845     5.1E+08  3.0E-03           1.9E+01    143  1.8548294E+08   4146   4146   3734 -3.5E+00   38330
   4945     1.8E+08  2.4E-09           1.9E+01    172  1.8398771E+08   4219   4219   4225 -1.0E+00   36467
   5045     2.3E+09  9.7E-04           1.9E+01    130  1.8364675E+08   4183   4183   3914 -1.1E+01   38733
   5145    -1.2E+10  3.4E-03           1.9E+01    193  1.8109727E+08   4018   4018   2581  4.4E+00   37540
   5245    -2.5E+08  1.3E-04           1.9E+01    116  1.7877126E+08   3765   3765   4465 -6.6E+00   38624
   5345     3.8E+07  1.3E-04           1.9E+01    129  1.7692538E+08   4077   4077   4227 -1.0E+00   38341
   5445    -1.3E+07  1.9E-01           1.8E+01    127  1.7542069E+08   3746   3746   4901 -7.2E-01   39462
   5545    -1.5E+10  3.4E-03           1.8E+01     40  1.7473905E+08   3951   3951   3932  1.2E+00   38640
   5645     9.4E+06  7.2E-04           1.8E+01    103  1.7400640E+08   4047   4047   4197 -1.0E+00   40606
   5745     3.3E+07  9.3E-10           1.8E+01     94  1.7274129E+08   4162   4162   4168 -1.0E+00   42132
   5845    -7.7E+08  1.4E-03           1.8E+01    102  1.7155091E+08   4101   4101   3298  1.4E+01   42724
   5945     9.7E+06  5.8E-05           1.8E+01     92  1.7064839E+08   4822   4822   3832  6.9E-01   42729
   6045     6.9E+06  1.0E+00  4.2E-07  1.8E+01     97  1.7014910E+08   4858                          42729         1 1.8E+10
   6145    -2.2E+09  6.5E-02           1.8E+01    115  1.6957595E+08   4908   4908   4336 -1.9E+01   42569
   6245     6.2E+06  2.4E-09           1.8E+01     86  1.6843937E+08   3934   3934   3808 -1.0E+00   43242
   6345     3.3E+08  7.5E-08           1.8E+01    158  1.6825254E+08   4024   4024   4018 -1.0E+00   43386
   6445     2.7E+06  4.8E-09           1.8E+01     74  1.6788450E+08   4807   4807   4810 -1.0E+00   41567
   6545     9.9E+06  5.1E-05           1.7E+01     79  1.6582978E+08   4180   4180   4174 -1.0E+00   42029
   6645    -3.2E+07  1.6E-03           1.7E+01    118  1.6429634E+08   4463   4463   3771  1.5E-01   43016
   6745     2.2E+08  9.5E-06           1.7E+01    153  1.6315262E+08   4202   4202   3927  2.0E+00   42512
   6845     3.1E+07  2.1E-06           1.7E+01    124  1.6228000E+08   4492   4492   4489 -1.0E+00   43172
   6945    -9.5E+06  1.1E-02           1.7E+01     69  1.6177146E+08   2177   2177   4306  1.3E+00   43839
   7045    -1.7E+07  2.4E-04           1.7E+01    150  1.6110200E+08   3970   3970   4634  1.1E-02   43566
   7145    -6.3E+06  4.3E-03           1.7E+01     82  1.6089916E+08   4573   4573   4342  5.7E-01   43343
   7245     1.4E+06  1.0E-05           1.7E+01     69  1.6067848E+08   4622   4622   4784 -1.0E+00   44005
   7345    -5.3E+06  8.7E-04           1.7E+01     96  1.5901900E+08   3841   3841   3728  2.2E-01   45631
   7445     2.3E+06  1.6E-04           1.7E+01     63  1.5885172E+08    172    172   4791 -1.7E-01   44232
   7545    -2.7E+08  1.1E-07           1.6E+01    194  1.5683865E+08   4081   4081   4084 -1.0E+00   44783

    Itn     QP mult  QP step   rgNorm  SumInfE NonOpt Elastic QP obj   +SBS   -SBS    -BS    Pivot     L+U ncp    nS condZHZ
   7645     1.2E+07  1.1E-01           1.6E+01     76  1.5497558E+08   3955   3955   2177 -2.4E+00   44912
   7745    -3.6E+06  1.4E-02           1.6E+01     66  1.5413149E+08   4822   4822   2597  5.7E-01   46135
   7845     3.1E+06  2.9E-02           1.6E+01     20  1.5349530E+08   3664   3664    325 -5.6E-01   45508
   7945     1.6E+06  1.1E-04           1.6E+01     10  1.5259153E+08   3818   3818   4071  2.0E+00   44256

   Itns Major Minors    Step   nCon Feasible  Optimal  MeritFunction     L+U BSwap     nS condZHZ Penalty
   7970     1   5525 3.9E-02      2  8.7E+00  2.4E-02  3.8789263E+10   43973                              _  rlit

    Itn     FP mult  FP step   rgNorm  SumInfE NumInf         SumInf   +SBS   -SBS    -BS    Pivot     L+U ncp    nS condZHZ
   8070     3.5E+03  9.2E-06           9.6E+01    261  2.2858401E+03   3712   3712   4025            41066
   8170     6.2E+06  7.9E-18           6.2E+01    116  4.3479320E+02   4623   4623   4371            41278
   8270     1.2E+06  5.4E-13           5.6E+01     52  1.6581897E+02   4797   4797   4808            41057
   8370     6.5E+03  8.8E-09           5.3E+01     40  8.8366637E+01   2589   2589   3602            40551
   8470     2.5E+03  5.3E-08           5.2E+01     24  1.7665646E+01   2591   2591    332            38792
   8570    -1.0E+02  6.8E-08           5.4E+01     17  2.4629369E+00   4041   4041   4191            38514
   8670     1.4E+01  1.3E-04           5.7E+01     11  8.0290460E-01   3717   3717   4297            37225

    Itn     QP mult  QP step   rgNorm  SumInfE NonOpt Elastic QP obj   +SBS   -SBS    -BS    Pivot     L+U ncp    nS condZHZ
   8770     1.0E+10  1.3E-11           5.3E+01    465  5.0500796E+08   4051   4051   3802 -1.0E+00   36807
   8870    -9.8E+09  3.9E-11           4.0E+01    369  3.7809743E+08   4045   4045   4060  1.0E+00   37493
   8970     6.7E+08  1.9E-05           3.5E+01    446  3.3190013E+08   2603   2603   4582  3.2E+00   37418
   9070     5.6E+07  9.6E-04           3.3E+01    394  3.1442261E+08   3645   3645   3603 -1.3E-01   38720
   9170     6.2E+08  2.0E-02           3.1E+01    451  2.9247956E+08   3764   3764   4064 -5.1E+00   38862
   9270    -3.4E+07  9.0E-03           2.8E+01    214  2.7004947E+08   4221   4221   2579 -2.0E-02   38568
   9370     3.1E+07  1.7E-03           2.7E+01    185  2.5973359E+08   3722   3722   3603  3.5E-02   39161
   9470     2.9E+08  3.4E-11           2.7E+01    222  2.5383718E+08   4093   4093   4081 -1.0E+00   37948
   9570     1.3E+08  2.8E-03           2.6E+01    196  2.4324913E+08   3722   3722    487 -2.9E+00   39002
   9670    -3.8E+07  4.0E-11           2.5E+01    179  2.3497809E+08   4216   4216   3802 -1.0E+00   39606
   9770     2.3E+07  1.9E-04           2.4E+01    182  2.3138044E+08   4369   4369   3604  1.6E-01   38721
   9870     4.2E+07  1.3E-02           2.4E+01    169  2.2499441E+08   4041   4041   4590 -1.6E-01   39780
   9970     1.3E+07  2.1E-11           2.3E+01    174  2.2236773E+08   4774   4774   4360  1.0E+00   39394
  10070     8.5E+06  1.1E-05           2.3E+01    185  2.2048964E+08    206    206   3644  3.7E-02   39791
  10170     2.6E+07  6.8E-02           2.3E+01    148  2.1758862E+08   4865   4865   3759 -1.7E+00   39448
  10270     5.8E+06  3.7E-06           2.3E+01    132  2.1627819E+08   4228   4228   3952 -1.0E+00   39188
  10370    -6.7E+06  6.9E-04           2.3E+01    115  2.1542386E+08   4497   4497   4784  5.0E-01   39937
  10470    -1.6E+07  1.3E-10           2.3E+01    147  2.1466648E+08   3817   3817   4225  1.0E+00   40712
  10570    -5.8E+06  5.4E-03           2.2E+01    114  2.1389092E+08   3621   3621   4220  3.4E-01   41036
  10670     3.9E+06  7.9E-11           2.2E+01    121  2.1295082E+08   4198   4198   4195 -1.0E+00   41258
  10770     5.3E+06  6.5E-02           2.2E+01    125  2.1214210E+08   3604   3604   4855  2.8E+00   42761
  10870    -2.1E+07  4.8E-03           2.2E+01    126  2.0889258E+08   4570   4570   4576 -1.0E+00   43624
  10970     2.7E+08  4.2E-04           2.2E+01    190  2.0600615E+08   4220   4220   4677  2.0E+01   43172
  11070    -6.6E+06  4.2E-05           2.1E+01    121  2.0229160E+08   3759   3759   3771 -9.6E-01   44823
  11170    -5.0E+07  9.1E-06           2.1E+01    113  2.0169611E+08   4052   4052   4203  2.0E+00   43614
  11270     1.2E+07  5.2E-02           2.1E+01    113  1.9911102E+08   3644   3644   3602 -1.2E+00   44046
  11370     4.9E+06  4.5E-02           2.1E+01    103  1.9792730E+08   3644   3644   3638 -9.7E-01   44272
  11470     7.5E+06  1.1E-09           2.1E+01    103  1.9736706E+08   4294   4294   4297 -1.0E+00   46753
  11570     7.7E+07  3.3E-10           2.1E+01    171  1.9557769E+08   4798   4798   4510 -1.0E+00   43627
  11670     2.2E+07  1.1E-02           2.0E+01    139  1.9524177E+08   4738   4738     12 -3.7E-02   43479
  11770    -5.0E+06  4.1E-03           2.0E+01     90  1.9478178E+08   3914   3914   4767 -2.0E-02   41489
  11870     2.0E+07  1.1E-04           2.0E+01    130  1.9315003E+08   4215   4215   4065 -1.0E+00   40682
  11970     6.0E+05  1.9E-04           2.0E+01     93  1.9248127E+08   4197   4197   4047 -1.0E+00   40828
  12070     1.3E+08  1.0E-02           2.0E+01    112  1.9161684E+08   4605   4605   4768 -2.7E+01   41583
  12170     3.4E+08  9.9E-03           2.0E+01    121  1.8671771E+08   4101   4101   4591  1.4E+02   40973
  12270    -9.9E+06  2.0E-11           1.9E+01    107  1.8242604E+08   4789   4789   4777 -1.0E+00   41859
  12370    -1.6E+07  1.9E-02           1.9E+01    165  1.8171771E+08   3627   3627   4239 -6.8E-01   41793
  12470    -3.3E+08  1.3E-02           1.9E+01    183  1.8003747E+08     12     12    175 -2.8E+02   42689
  12570     1.3E+07  2.1E-11           1.9E+01    109  1.7915848E+08   4072   4072   3811  1.0E+00   41375
  12670    -4.3E+08  6.4E-04           1.9E+01     60  1.7756295E+08      9      9   4809  2.1E-02   41558

    Itn     QP mult  QP step   rgNorm  SumInfE NonOpt Elastic QP obj   +SBS   -SBS    -BS    Pivot     L+U ncp    nS condZHZ
  12770    -1.5E+06  5.1E-05           1.8E+01     99  1.7628832E+08   4220   4220   4070 -1.0E+00   42125
  12870    -3.5E+06  2.1E-04           1.8E+01    107  1.7592232E+08   4197   4197   4047 -1.0E+00   42207
  12970     7.9E+06  2.1E-03           1.8E+01    135  1.7436667E+08   4663   4663   3686 -2.2E-01   42487
  13070    -2.6E+10  1.3E-06           1.8E+01     21  1.7398344E+08   3944   3944   3939  5.9E-01   43163
  13170     1.6E+07  1.1E-09           1.8E+01    103  1.7351944E+08   4504   4504   4495  1.0E+00   44658
  13270    -2.2E+07  1.4E-08           1.8E+01    143  1.7240286E+08   4603   4603   4636  1.0E+00   42350
  13370    -2.8E+06  1.3E-03           1.8E+01    104  1.7181788E+08   3291   3291   4046  1.3E-01   43409
  13470     1.1E+06  4.1E-10           1.8E+01     87  1.6984280E+08   4630   4630   4378 -1.0E+00   43499
  13570     6.7E+06  2.1E-10           1.8E+01     97  1.6805112E+08   4138   4138   4135 -1.0E+00   44049
  13670    -6.9E+06  5.0E-09           1.8E+01    110  1.6721344E+08   4807   4807   4513 -1.0E+00   43730
  13770    -3.4E+07  2.9E-11           1.7E+01    135  1.6652801E+08   4456   4456   4465  1.0E+00   44388
  13870    -1.5E+06  1.2E-07           1.7E+01     88  1.6406630E+08   4801   4801   4498 -1.0E+00   44118
  13970    -2.1E+07  3.6E-07           1.7E+01    134  1.6256342E+08   4060   4060   4219 -1.0E+00   45049
  14070    -6.3E+05  1.3E-02           1.7E+01     66  1.6182073E+08    580    580   4813  1.3E-01   45529
  14170    -9.3E+08  1.2E-03           1.7E+01     79  1.6067567E+08   4822   4822   3829 -1.7E+02   46358
  14270     1.4E+07  3.6E-05           1.7E+01    114  1.6002213E+08   4585   4585   4465  4.2E-01   45712
  14370     7.3E+07  9.6E-10           1.7E+01    102  1.5874802E+08   4732   4732   4708 -1.0E+00   45468
  14470    -8.5E+05  3.8E-04  1.9E+06  1.6E+01     91  1.5735040E+08    662    662   4450 -1.4E-01   43927         1 1.1E+10
  14570    -4.1E+07  6.2E-08           1.6E+01    104  1.5689579E+08   3898   3898   3892 -1.0E+00   45551
  14670    -3.1E+07  1.6E-02           1.6E+01    116  1.5393153E+08   3967   3967   4681            41947
  14770    -1.9E+08  7.0E-04           1.6E+01    175  1.5072517E+08   3901   3901   3596  2.0E-01   42207
  14870    -3.5E+05  1.6E-02           1.6E+01     85  1.4950536E+08     83     83    508  3.3E-02   43003
  14970    -1.5E+08  1.5E-04           1.5E+01     81  1.4698258E+08   4190   4190   4101  5.7E+00   41900
  15070     1.3E+07  1.8E-09           1.5E+01    108  1.4607382E+08   4708   4708   4702 -1.0E+00   46679
  15170    -1.4E+06  3.0E-01           1.5E+01     69  1.4527639E+08   2603   2603   4101  5.3E-02   45455
  15270     1.3E+06  3.9E-02           1.5E+01     75  1.4465634E+08   4041   4041   4190 -4.9E-01   44938
  15370    -6.0E+07  1.7E-09           1.5E+01     90  1.4333382E+08   4324   4324   3892 -1.0E+00   46293
  15470    -1.2E+06  3.2E-09           1.5E+01     70  1.4146154E+08   3898   3898   4024 -1.0E+00   45918
  15570     2.7E+05  7.7E-09           1.5E+01     62  1.4001509E+08   4773   4773   4611 -1.0E+00   45127
  15670     4.8E+07  2.3E-06           1.5E+01    100  1.3915600E+08   4336   4336   4324 -1.0E+00   46596
  15770    -3.8E+07  3.0E-09           1.5E+01    118  1.3867677E+08   4168   4168   4162 -1.0E+00   46476
  15870     8.0E+06  2.0E-04           1.4E+01     87  1.3825992E+08   3718   3718   4170 -1.0E+00   44577
  15970    -7.3E+05  1.0E+00  4.1E-06  1.4E+01     60  1.3806338E+08   3386                          45984         1 2.4E+09
  16070    -7.3E+06  9.2E-09           1.4E+01     69  1.3762523E+08   4013   4013   4325 -1.0E+00   45593
  16170    -2.5E+06  7.3E-02           1.4E+01     63  1.3643067E+08   3381   3381   4866  1.3E-02   46584
  16270    -2.4E+06  5.3E-03           1.4E+01     52  1.3568414E+08   4288   4288   3646 -9.1E+00   43031
  16370    -1.7E+06  1.5E-08           1.4E+01     67  1.3474098E+08   4180   4180   4174 -1.0E+00   42341
  16470     8.3E+09  2.3E-03           1.4E+01    129  1.3359384E+08   4802   4802     12 -8.0E+00   43792
  16570     1.6E+07  3.1E-05           1.4E+01    108  1.3325918E+08   4332   4332   4020 -1.0E+00   43671
  16670     2.8E+06  1.2E-09           1.4E+01     73  1.3311543E+08   4246   4246   4243 -1.0E+00   45302

    Itn     QP mult  QP step   rgNorm  SumInfE NonOpt Elastic QP obj   +SBS   -SBS    -BS    Pivot     L+U ncp    nS condZHZ
  16770    -2.7E+07  2.1E-02           1.4E+01     67  1.3250048E+08   4046   4046   4332  3.8E-01   43855
  16870    -5.0E+07  2.2E-11           1.4E+01    124  1.3086614E+08   4456   4456   4465  1.0E+00   44401
  16970     4.7E+06  2.2E-02           1.4E+01     91  1.2924377E+08   3967   3967     12 -1.5E-02   45288
  17070     4.3E+07  4.4E-10           1.3E+01     95  1.2649244E+08   4246   4246   4243 -1.0E+00   43941
  17170     4.9E+06  1.9E-05           1.3E+01     61  1.2630630E+08   3795   3795   3921 -1.0E+00   43976
  17270    -1.1E+06  9.1E-03           1.3E+01     65  1.2613398E+08   3650   3650   3657  3.9E-01   42664
  17370    -1.2E+07  2.6E-10           1.3E+01     97  1.2411936E+08   4576   4576   4585  1.0E+00   45107
  17470     1.6E+07  9.9E-10           1.3E+01     75  1.2214848E+08   4645   4645   4648 -1.0E+00   44187
  17570    -3.5E+05  1.6E-07           1.3E+01     45  1.2201482E+08   4366   4366   4618 -1.0E+00   44359
  17670    -3.8E+05  5.2E-03           1.3E+01     41  1.2151995E+08    202    202   4238  1.5E-01   44142
  17770     2.0E+06  1.1E-02           1.3E+01     49  1.2009346E+08   3639   3639   3752 -1.4E+00   44786
  17870    -2.4E+08  5.9E-03           1.3E+01    145  1.1981825E+08   4675   4675   1195 -1.0E+03   43919
  17970    -4.9E+07  5.9E-05           1.3E+01    102  1.1929587E+08   4798   4798   4384  1.0E+00   44400
  18070     4.3E+07  2.9E-09           1.2E+01     87  1.1891224E+08   4891   4891   4882  1.0E+00   45630
  18170    -4.3E+07  3.4E-02           1.2E+01     61  1.1808312E+08   4882   4882   2583 -8.4E-01   45750
  18270     1.8E+06  8.9E-05  1.4E-09  1.2E+01     37  1.1709504E+08   4622   4622   4784 -1.0E+00   44422         1 4.7E+02
  18370    -3.7E+08  2.3E-09           1.2E+01    193  1.1616390E+08   4336   4336   4324            43214
  18470    -1.9E+06  8.4E-09           1.2E+01     39  1.1582100E+08   4237   4237   4246  1.0E+00   44239
  18570     1.3E+07  1.2E-01           1.2E+01     40  1.1548751E+08   3621   3621   4657 -2.1E+00   43201
  18670     1.6E+06  6.4E-02           1.2E+01     58  1.1474783E+08   3746   3746   3740  1.1E-01   44703
  18770     2.7E+05  6.7E-04           1.2E+01     27  1.1439591E+08   4610   4610   4772 -1.0E+00   44242
  18870              4.7E-01           1.2E+01     22  1.1406659E+08          3286   2559 -8.4E-02   47603
  18970     5.6E+07  6.6E-02           1.2E+01     63  1.1292108E+08   2561   2561    790  2.9E+02   46197
  19070    -1.2E+08  7.4E-01           1.2E+01     19  1.1265703E+08   4866   4866   3716 -9.6E+01   45664
  19170     2.6E+06  2.3E-08           1.2E+01     18  1.1219239E+08   4144   4144   4135 -1.0E+00   45660
  19270    -1.3E+05  1.0E+00  6.9E-07  1.2E+01     17  1.1171611E+08    574                          45842         1 1.0E+08
  19370    -3.7E+07  3.3E-03           1.2E+01     69  1.1104110E+08   3777   3777   3771 -8.3E-01   46281
  19470              1.0E+00  1.3E-06  1.2E+01     13  1.1052589E+08                                 46943         1 1.5E+11
  19570    -5.2E+04  1.3E-02  5.2E+04  1.2E+01      9  1.1032553E+08   1048    461         5.7E-01   46785         1 8.1E+03
  19670    -8.0E+04  1.0E+00  1.9E-07  1.2E+01      7  1.0969128E+08   3853                          47320         2 6.3E+00
  19770     8.5E+06  1.6E-08           1.1E+01     30  1.0892922E+08   4654   4654   4651 -1.0E+00   43944
  19870    -3.4E+09  2.3E-07           1.1E+01     34  1.0840715E+08   4177   4177   4024  1.0E+00   46356
  19970    -3.1E+06  4.6E-02           1.1E+01      3  1.0811366E+08   4822   4822   3841 -6.9E-01   43977

   Itns Major Minors    Step   nCon Feasible  Optimal  MeritFunction     L+U BSwap     nS condZHZ Penalty
  19978     2  12008 5.0E-02      4  8.2E+00  7.6E-02  3.6838344E+10   44294            1 6.6E+07         _  rlit
 Singular(m=n)  rank     3439  n-rank       1  nsing        1
 Singular(m>n)  rank     3439  n-rank       1  nsing        1
 Singular(m=n)  rank     3439  n-rank       1  nsing        1

    Itn     FP mult  FP step   rgNorm  SumInfE NumInf         SumInf   +SBS   -SBS    -BS    Pivot     L+U ncp    nS condZHZ
  20078     5.4E+05  9.0E-17           9.0E+01    353  6.3429399E+03   4228   4228   4069            49676
  20178     5.1E+04  4.6E-09           5.9E+01    284  2.7232669E+03   4878   4878   4288            48509
  20278    -1.7E+07  3.7E-14           5.1E+01    222  1.3044827E+03   4203   4203   3825            48247
  20378    -9.6E+03  1.2E-13           4.8E+01    205  1.0459894E+03   3807   3807   4190            47813
  20478    -2.1E+03  5.9E-07           4.6E+01    168  7.7695274E+02   3279   3279   3314            46773
  20578    -3.4E+03  1.0E-07           4.8E+01    140  4.4588988E+02    316    316   1255            45960
  20678    -2.9E+03  4.7E-07           5.0E+01    104  2.6535181E+02   3296   3296    741            45376
  20778    -1.7E+03  1.2E-08           5.3E+01     88  1.7370131E+02     83     83   3758            44323
  20878     2.5E+02  1.1E-07           5.7E+01     77  1.4152691E+02   4059   4059   4209            43043
  20978    -1.5E+02  1.9E-05           5.8E+01     70  1.0997073E+02   4156   4156   4015            42745
  21078     1.0E+02  2.6E-05           6.1E+01     62  8.7698376E+01   4690   4690   4375            41603
  21178    -4.1E+04  2.7E-10           6.0E+01     59  6.0015406E+01   3964   3964   4740            40939
  21278     1.1E+02  2.4E-07           6.4E+01     54  2.7764596E+01   3598   3598   4558            39564
  21378    -3.3E+02  1.5E-08           6.2E+01     53  1.9833733E+01   4558   4558   4909            41149
  21478    -4.1E+01  2.3E-05           6.7E+01     46  1.4213606E+01   4366   4366   4909            40044
  21578    -2.3E+01  2.3E-05           7.2E+01     28  7.8349202E+00   4181   4181   3788            39151
  21678    -9.0E+01  1.1E-06           7.4E+01     20  5.3113670E+00     19     19   3626            38927
  21778    -6.0E+00  2.2E-04           7.4E+01     18  4.6809304E+00   4051   4051   4495            38346
  21878    -7.6E+01  2.2E-09           7.6E+01     17  4.3157377E+00     12     12   2583            38787
  21978     1.8E+00  3.9E-03           7.6E+01     14  3.9690992E+00    611    611   4808            39934
  22078    -4.8E+00  4.9E-05           7.8E+01     12  3.6247510E+00   4371   4371   4496            38903
  22178    -2.7E+01  5.9E-06           8.6E+01     11  3.3993870E+00     10     10     13            38258
  22278     2.1E+00  2.1E-04           1.0E+02     11  3.1553494E+00   4366   4366     12            37147
  22378    -8.6E+00  4.7E-05           1.0E+02     10  2.8738207E+00      6      6     10            38250
  22478     9.7E-02  1.2E+01           1.0E+02      9  1.5990024E+00   1333   1333   4597            38207
  22578     1.6E+00  2.1E-05           1.0E+02      6  1.2700712E+00   2565   2565     11            38072
  22678     3.1E+01  4.5E-06           9.6E+01      6  1.0615678E+00   4479   4479   2547            39693
  22778    -9.7E-02  7.4E-01           1.0E+02      3  3.8049673E-01   1308   1308   4360            38868
  22878    -3.9E-01  7.2E-04           1.0E+02      2  1.5401541E-01     24     24   3904            38848

    Itn     QP mult  QP step   rgNorm  SumInfE NonOpt Elastic QP obj   +SBS   -SBS    -BS    Pivot     L+U ncp    nS condZHZ
  22978    -1.1E+10  7.9E-04           1.1E+02    567  1.1259050E+09      9      9   4740 -1.3E+01   39902
  23078     7.4E+08  1.1E-04           1.0E+02    569  1.0266866E+09     62     62      9 -1.4E-01   39167
  23178     5.7E+08  1.0E-03           9.4E+01    595  9.7202715E+08   4543   4543      5 -7.8E-01   39214
  23278    -2.8E+08  1.8E-02           9.1E+01    538  9.3569850E+08   2599   2599     16  2.9E-01   38807
  23378     8.5E+08  1.3E-02           8.7E+01    529  8.9906878E+08   2549   2549   2599 -3.4E+00   38862
  23478    -6.6E+08  6.3E-04           8.2E+01    157  8.5246786E+08    228    228   4255 -5.1E+00   39422
  23578    -1.3E+10  1.5E-03           7.7E+01    140  7.9732358E+08     10     10   2601  3.1E+00   39588
  23678    -3.5E+07  1.2E-03           7.4E+01    133  7.6305247E+08   4552   4552     41  2.1E-01   40375
  23778    -1.4E+08  5.3E-03           7.2E+01     98  7.4887995E+08   4052   4052    570  3.9E-01   41409
  23878     1.8E+08  4.6E-05           7.2E+01    117  7.3756047E+08   3844   3844   3304 -3.6E-01   41337
  23978    -2.8E+08  1.5E-03           7.0E+01    112  7.2187916E+08     16     16   4889  3.4E-01   42332
  24078    -6.3E+09  4.5E-03           6.8E+01    111  7.0936745E+08   4452   4452    228  1.2E+00   42644
  24178     1.2E+08  5.0E-03           6.4E+01     90  6.6606916E+08   3868   3868   4327  2.3E-01   42490
  24278     4.1E+07  9.1E-03           6.2E+01     88  6.5170769E+08   4496   4496     61 -2.4E-01   41919
  24378     3.3E+08  1.4E-04           6.1E+01     99  6.3934613E+08   4006   4006     61 -1.2E-01   43289
  24478    -4.8E+08  9.8E-04           5.9E+01     84  6.2259547E+08     17     17   4746 -1.4E-01   42782
  24578    -3.0E+09  2.1E-03           5.7E+01     93  6.0264749E+08     10     10     16  1.8E+00   43415
  24678    -1.7E+07  2.7E-02           5.6E+01     82  5.9250578E+08     15     15   4244 -2.3E-01   43300
  24778     1.9E+08  9.1E-04           5.4E+01     91  5.6821359E+08     62     62     16 -4.4E-02   44187
  24878    -7.0E+09  1.4E-02           5.0E+01     77  5.3517649E+08     13     13   4147 -1.1E+02   46005
  24978     5.9E+07  5.2E-04           4.8E+01     93  5.0847510E+08   4252   4252   4872  4.6E-01   47390
  25078    -6.2E+07  1.5E-02           4.7E+01     74  4.9862350E+08   4089   4089   4872 -4.9E-01   45600
  25178     4.6E+09  3.7E-03           4.5E+01     73  4.7896515E+08   4190   4190   4654 -2.3E+00   48960
  25278     1.6E+08  4.1E-02           4.4E+01     84  4.6464376E+08     23     23     10 -5.6E-03   47250
  25378     1.2E+07  7.2E-02           4.3E+01     73  4.5014090E+08   2577   2577   4003 -1.8E+00   48163
  25478    -3.7E+07  7.3E-03           4.2E+01     78  4.4166131E+08   4294   4294   3740 -7.6E-01   45716
  25578     2.1E+07  6.1E-03           4.1E+01     71  4.3705479E+08   2593   2593    602  1.7E+00   44916
  25678     1.1E+08  4.8E-03           4.0E+01     80  4.2519885E+08   4589   4589     13 -8.5E-02   45672
  25778     8.9E+07  2.8E-03           4.0E+01     72  4.1598203E+08   4814   4814   2581 -4.2E+00   44717
  25878    -8.7E+06  2.2E-01           3.8E+01     69  3.9269114E+08   2577   2577   4090 -5.0E-02   46528
  25978    -4.9E+09  8.1E-03           3.7E+01     79  3.8663141E+08     13     13   3994  3.0E+01   45255
  26078    -2.8E+08  2.3E-02           3.7E+01     57  3.7879646E+08   4657   4657   3304  1.5E+00   46337
  26178     5.3E+07  8.8E-03           3.5E+01     76  3.6671187E+08   4426   4426   2605 -3.1E+00   46792
  26278    -7.3E+08  3.9E-02           3.5E+01     75  3.6297172E+08   3818   3818   3740 -1.4E+01   45893
  26378     2.3E+08  3.4E-09           3.5E+01     71  3.5705214E+08   4720   4720   4714 -1.0E+00   46107
  26478    -8.3E+08  1.0E-02           3.4E+01     61  3.5163312E+08     17     17   4435 -1.2E+00   47195
  26578     1.1E+08  1.5E-09           3.3E+01     70  3.4198119E+08   3905   3905   4343  1.0E+00   45350
  26678     3.5E+08  4.7E-07           3.3E+01     69  3.3965039E+08   4213   4213   4219 -1.0E+00   46826
  26778     1.0E+07  1.2E-01           3.2E+01     54  3.2913303E+08   2575   2575     15 -1.2E-01   46868
  26878    -2.3E+09  6.9E-02           3.1E+01     60  3.2244438E+08     10     10   4470  2.3E+01   47045

    Itn     QP mult  QP step   rgNorm  SumInfE NonOpt Elastic QP obj   +SBS   -SBS    -BS    Pivot     L+U ncp    nS condZHZ
  26978    -3.5E+07  2.0E-02           3.0E+01     63  3.1525536E+08   4250   4250   4332  5.3E-02   46656
  27078    -1.9E+09  2.2E-02           3.0E+01     57  3.1021982E+08   4307   4307    284  4.5E+01   47057
  27178     1.3E+07  2.5E-03           2.9E+01     51  3.0375776E+08   3868   3868   4294 -8.9E-01   45357
  27278     3.2E+08  1.6E-03           2.8E+01     63  2.9898084E+08   4821   4821   4702            46452
  27378     3.2E+07  3.1E-03           2.8E+01     53  2.9234181E+08    681    681   4561 -1.9E-01   48054
  27478     1.7E+07  6.6E-03           2.6E+01     53  2.8211596E+08     62     62   4657 -2.1E-01   48344
  27578     4.8E+07  3.5E-09           2.6E+01     46  2.7778851E+08   4660   4660   4657 -1.0E+00   49219
  27678    -5.5E+08  4.6E-02           2.6E+01     52  2.7346858E+08   2176   2176    259  2.6E+00   47802
  27778    -1.1E+07  5.1E-02           2.5E+01     43  2.6492153E+08   2585   2585   2603  4.5E-01   47806
  27878    -1.7E+07  1.7E-02           2.4E+01     44  2.5858936E+08   2573   2573    614 -7.6E-01   49452
  27978     1.1E+08  6.2E-02           2.4E+01     23  2.5460427E+08   4825   4825   4307  8.0E-02   48596
  28078    -1.4E+09  5.3E-02           2.4E+01     37  2.5005095E+08   4605   4605   2591  7.4E+01   50347
  28178     6.7E+06  1.0E+00  5.2E-07  2.3E+01     43  2.4496403E+08   3386                          48115         1 3.6E+10
  28278    -7.0E+07  2.3E-02           2.3E+01     38  2.3995486E+08   4129   4129   4570  4.9E-01   51118
  28378     1.5E+06  1.0E+00  8.1E-07  2.2E+01     31  2.3543794E+08    614                          50651         1 7.2E+08
  28478     2.7E+11  6.5E-01           2.2E+01     38  2.3018616E+08   4797   4797   3603  3.8E+04   52501
  28578    -4.2E+09  7.4E-06           2.2E+01      7  2.2770942E+08   4514   4514   4388 -9.1E-01   51342
  28678     2.7E+08  9.9E-03           2.1E+01     10  2.2375440E+08   3728   3728   4220 -1.5E-02   51110
  28778     1.6E+08  1.1E-02           2.1E+01     38  2.1883146E+08   2551   2551   2593 -6.7E+00   48883
  28878     4.4E+07  3.2E-03           2.0E+01     37  2.1514379E+08   3922   3922   4435  4.0E-02   53354
  28978    -5.0E+09  1.8E-06           2.0E+01      7  2.1240710E+08   3824   3824   3933 -1.6E-01   50924
  29078     5.8E+06  1.4E-06           2.0E+01      1  2.0978327E+08    615    615   4484 -1.1E-04   53166
  29178     6.4E+07  5.7E-03           2.0E+01     33  2.0624328E+08   2595   2595   4435 -6.4E-01   51660
  29278     2.1E+08  1.2E-01           2.0E+01     39  2.0343168E+08   2551   2551   2593 -1.9E+00   53304
  29378     8.8E+06  1.0E+00  6.5E-06  2.0E+01     17  2.0265712E+08   2551                          48991         1 1.2E+11
  29478              1.0E+00  1.0E-06  1.9E+01     15  1.9825229E+08                                 50496         1 1.5E+09
  29578     5.2E+07  1.9E-03  5.2E+07  1.9E+01     23  1.9592604E+08   2557   4677   3646  5.0E-01   49270         2 1.4E+01
  29678    -6.9E+06  1.0E+00  2.8E-06  1.9E+01     17  1.9348861E+08   2557                          51886         1 4.2E+10
  29778     3.2E+07  1.4E-09           1.8E+01     13  1.8876722E+08   4489   4489   4498  1.0E+00   48606
  29878              4.2E-02           1.8E+01     25  1.8514622E+08           857   3651 -2.5E-03   53697
  29978    -1.2E+06  8.7E-02           1.8E+01      8  1.8317231E+08    304    304   2589 -2.2E-01   52070
  30078              1.0E+00  6.4E-08  1.8E+01      8  1.8126497E+08                                 50814         1 3.8E+06

   Itns Major Minors    Step   nCon Feasible  Optimal  MeritFunction     L+U BSwap     nS condZHZ Penalty
  30149     3  10171 1.0E+00      5  2.1E+01  1.2E-01  1.2261171E+08   51537     1      5 6.0E+05         _s   it

    Itn     FP mult  FP step   rgNorm  SumInfE NumInf         SumInf   +SBS   -SBS    -BS    Pivot     L+U ncp    nS condZHZ
  30249    -2.6E+07  1.9E-18           1.3E+02    290  5.6173615E+03   4371   4371   4785  1.0E+00   51585
  30349    -3.8E+05  3.6E-11           8.6E+01    243  3.1478334E+03   3632   3632    621  2.6E+02   50157
  30449     1.2E+07  4.7E-18           6.8E+01    196  1.8469903E+03   4364   4364   4047  8.4E-01   50497
  30549     6.4E+05  2.1E-12           5.7E+01    126  1.1182260E+03   4352   4352   4198  1.4E+02   46597
  30649     2.6E+03  2.3E-08           5.4E+01    117  8.9724409E+02   4821   4821    595  4.2E-01   44942
  30749    -1.2E+03  7.3E-07           5.2E+01    100  6.5166688E+02   4822   4822   4791  8.1E-04   46926
  30849    -1.8E+03  1.3E-06           5.0E+01     86  4.1949562E+02   4231   4231   4877 -1.1E+00   45522
  30949    -1.3E+03  3.2E-08           5.1E+01     67  3.0670034E+02   4508   4508   4796 -1.0E+00   42689
  31049     2.6E+02  1.1E-05           5.5E+01     56  2.5211062E+02   4648   4648   4877 -1.7E-01   41550
  31149    -2.4E+02  2.4E-05           5.6E+01     51  1.9460384E+02   4808   4808    836  6.6E+01   44032
  31249     9.1E+02  8.5E-07           5.7E+01     46  1.4463107E+02   3628   3628      6  1.6E+00   41325
  31349     1.6E+02  1.1E-05           5.6E+01     40  1.0461099E+02   4867   4867    589  1.9E+00   40167
  31449     2.9E+02  3.1E-06           5.6E+01     40  8.8246839E+01   3847   3847   4717 -3.0E-01   39694
  31549     2.7E+02  4.3E-08           5.5E+01     33  5.9711585E+01   2589   2589   2603  2.7E+00   40346
  31649     3.4E+02  5.7E-07           6.0E+01     30  4.3304273E+01   3913   3913     11 -3.1E-01   39427
  31749     7.4E+01  1.9E-06           6.0E+01     26  2.9113575E+01   3825   3825    483  5.5E-02   39309
  31849     2.8E+02  2.4E-07           6.5E+01     24  2.1083632E+01   4353   4353   1342  4.9E+02   40058
  31949     2.1E+02  3.9E-07           7.2E+01     22  8.5464196E+00   4047   4047   4197 -1.0E+00   39064
  32049     7.9E+00  3.5E-05           7.4E+01     15  5.4664100E+00   4141   4141   4288  9.1E-01   39570
  32149    -2.4E+00  7.0E-03           7.5E+01     13  4.5804994E+00    700    700   4300  2.6E-01   39186
  32249     2.9E+00  1.1E-04           7.5E+01     12  3.2267031E+00   4721   4721   4871 -1.2E+00   40547
  32349     1.7E+01  2.8E-05           7.6E+01     11  2.3133333E+00   4065   4065   4215 -9.9E-01   38964
  32449    -2.4E+00  4.2E-04           7.8E+01      9  1.8797271E+00   4135   4135   4435 -7.6E-02   39460
  32549    -4.3E+00  1.8E-04           7.8E+01      7  1.2998882E+00   4290   4290    751 -5.8E+01   38824
  32649     3.4E+00  8.9E-06           8.4E+01      6  1.1524726E+00   4665   4665      7 -4.1E+00   38473
  32749    -3.0E+00  6.7E-05           8.5E+01      5  1.0930302E+00      8      8      6 -2.1E+00   38640
  32849     5.3E-01  1.3E-03           8.4E+01      5  1.0267994E+00   3772   3772     26 -1.7E-01   38154
  32949    -6.3E+01  8.0E-07           8.4E+01      5  9.4939577E-01     21     21    700 -6.2E+01   37056
  33049    -1.8E+00  1.8E-03           9.1E+01      3  4.7926971E-01   4270   4270   3358 -3.6E+00   37986
  33149     1.5E-01  1.5E-03           9.8E+01      2  2.2169773E-01   4654   4654   3675 -5.2E-01   38939
  33249     3.5E+01  4.1E-07           9.8E+01      2  1.5408723E-01   4647   4647   4171  6.1E+01   38995
  33349    -2.0E+00  2.6E-05           1.0E+02      1  1.0733964E-02     26     26   4051  8.9E+00   38249

    Itn     QP mult  QP step   rgNorm  SumInfE NonOpt Elastic QP obj   +SBS   -SBS    -BS    Pivot     L+U ncp    nS condZHZ
  33449     2.2E+13  4.9E-02           1.0E+02   1249  1.2303166E+09   4490   4490     20 -2.6E+02   38954
  33549     1.0E+09  5.2E-11  4.1E-06  9.6E+01    631  9.5170783E+08   4900   4900   4894 -1.0E+00   39051         1 1.8E+13
  33649    -6.3E+08  3.6E-04  1.5E+07  9.2E+01    672  9.1475024E+08   4578   4578   4877 -4.8E-01   39415         1 3.1E+09
  33749     1.7E+09  1.1E-02  1.7E+09  8.8E+01    671  8.7494435E+08   4452   4789     22 -2.8E+00   38340         1 7.5E+13
  33849              1.0E+00  7.4E-07  8.4E+01    585  8.3059738E+08                                 37688         1 7.0E+12
  33949              1.0E+00  2.5E-06  8.1E+01    162  8.0742529E+08                                 39007         1 7.0E+13
  34049              1.0E+00  1.2E-05  7.9E+01    150  7.8889037E+08                                 39619         1 6.9E+13
  34149    -7.0E+08  7.0E-03  7.0E+08  7.8E+01    138  7.7356593E+08   2591   4057   3670  8.0E+00   38892         1 8.4E+13
  34249    -6.6E+08  2.5E-03  6.6E+08  7.6E+01    124  7.5907611E+08   4570   4646    483  1.5E+00   38069         1 1.3E+13
  34349     3.9E+07  3.9E-03  3.9E+07  7.5E+01    129  7.4939085E+08   3292   4182   2553  8.4E-01   36988         1 3.8E+10
  34449    -1.4E+08  3.5E-02  1.4E+08  7.5E+01    127  7.4082035E+08   2589   4337   4570  4.1E-01   37154         1 3.9E+10
  34549              1.0E+00  3.6E-06  7.4E+01    126  7.3359888E+08                                 37064         1 8.0E+12
  34649     3.4E+08  9.1E-10  1.5E-06  7.3E+01    104  7.2590086E+08   4231   4231   4234 -1.0E+00   37852         1 2.5E+13
  34749     1.1E+08  9.1E-03  1.1E+08  7.2E+01    115  7.1907236E+08   4231    215   2591 -5.1E-01   40054         1 1.9E+13
  34849              1.0E+00  7.3E-06  7.2E+01    115  7.1405630E+08                                 39079         1 2.7E+11
  34949              1.0E+00  2.3E-07  7.1E+01    101  7.0956230E+08                                 38339         1 2.6E+12
  35049              1.0E+00  6.0E-05  7.1E+01    104  7.0502061E+08                                 38991         1 2.9E+09
  35149     2.5E+08  2.9E-02  2.4E+08  7.0E+01    102  6.9192353E+08   2591   4807   4672 -5.8E+00   40226         1 5.0E+14
  35249              1.0E+00  1.4E-05  6.9E+01    109  6.8519078E+08                                 40158         1 4.3E+12
  35349              1.0E+00  2.2E-06  6.9E+01    106  6.8291158E+08                                 39672         1 4.0E+11
  35449              1.0E+00  1.3E-07  6.7E+01     92  6.6640148E+08                                 39702         1 7.8E+11
  35549    -1.3E+09  3.5E-03  2.2E+09  6.3E+01     94  6.2653799E+08   2589   2589   3222  1.9E+02   40087         1 8.6E+12
  35649     6.3E+07  9.7E-03  3.9E+05  5.9E+01     98  5.9461891E+08    106    106     41  2.4E+00   39493         1 5.3E+12
  35749    -4.4E+07  6.1E-02  4.1E+07  5.6E+01     93  5.6516105E+08   4552   3728         1.9E-02   40409         1 9.7E+10
  35849    -8.9E+09  1.1E-03  9.8E+06  5.6E+01     88  5.5691641E+08     11     11    106  2.5E+00   41012         1 1.9E+08
  35949    -3.6E+08  1.3E-01  7.0E+06  5.1E+01     86  5.1285902E+08     11     11   3676 -3.0E+01   41898         1 7.9E+10
  36049              1.0E+00  8.5E-06  4.9E+01     88  4.9349279E+08                                 41597         1 4.4E+12
  36149              1.0E+00  2.4E-06  4.8E+01     94  4.9026189E+08                                 41111         1 6.8E+11
  36249    -2.6E+07  4.7E-01  1.1E+06  4.8E+01     86  4.8417083E+08   2589   2589   4589  4.2E-01   40099         1 8.7E+09
  36349    -3.7E+07  1.2E-03  1.2E+08  4.7E+01     90  4.8077269E+08   4012   4012      4  8.0E-02   40414         1 7.8E+12
  36449    -5.6E+07  2.6E-03  8.4E+05  4.7E+01     84  4.7828704E+08   3728   3728   4089 -3.2E-02   40656         1 2.7E+09
  36549     4.6E+07  3.5E-09  1.4E-05  4.7E+01     83  4.7506521E+08   4456   4456   4591  1.0E+00   42244         1 7.3E+11
  36649              1.0E+00  3.5E-07  4.6E+01     90  4.6810790E+08                                 42712         1 1.4E+11
  36749              1.0E+00  4.4E-07  4.6E+01     95  4.6347076E+08                                 42954         1 2.6E+13
  36849              1.0E+00  7.1E-04  4.5E+01     83  4.5934312E+08                                 42409         1 1.8E+13
  36949              1.0E+00  4.5E-06  4.4E+01     76  4.5167855E+08                                 41664         1 7.3E+12
  37049              1.0E+00  5.3E-07  4.4E+01     84  4.4723777E+08                                 42444         1 2.3E+11
  37149     8.2E+08  2.7E-02  8.0E+08  4.3E+01     78  4.4156328E+08   3988    483   2547 -4.1E-01   42242         1 4.1E+13
  37249              1.0E+00  1.9E-06  4.3E+01     77  4.3966595E+08                                 41823         1 2.3E+12
  37349     2.8E+08  1.1E-03  2.8E+08  4.3E+01     85  4.3672651E+08   3658   4815     11  8.0E-02   41836         1 1.9E+14

    Itn     QP mult  QP step   rgNorm  SumInfE NonOpt Elastic QP obj   +SBS   -SBS    -BS    Pivot     L+U ncp    nS condZHZ
  37449              1.0E+00  1.3E-06  4.2E+01     91  4.3151619E+08                                 44207         1 5.7E+11
  37549     1.1E+08  6.6E-02  1.0E+08  4.2E+01     90  4.2897541E+08    461   2591   4019  6.4E-01   43179         1 1.2E+13
  37649    -2.3E+07  1.5E-01  1.5E+06  4.2E+01     88  4.2518953E+08   4164   4164   4046  5.0E-01   43338         1 9.7E+10
  37749              1.0E+00  2.8E-06  4.2E+01     80  4.2429482E+08                                 41293         1 1.8E+13
  37849              1.0E+00  1.0E-06  4.1E+01     82  4.2198577E+08                                 42047         1 8.9E+12
  37949     4.4E+07  3.0E-02  7.1E+05  4.1E+01     70  4.1713979E+08   3628   3628   4307  1.0E-01   42306         1 9.9E+10
  38049     2.9E+06  9.0E-02  2.6E+06  4.1E+01     75  4.1446573E+08   4100   3644   4256 -2.0E-01   42317         1 5.9E+11
  38149     8.0E+07  1.5E-09  6.9E-06  4.1E+01     69  4.1206106E+08   4013   4013   3887 -1.0E+00   43134         1 9.2E+12
  38249              1.0E+00  1.5E-07  4.0E+01     80  4.1011584E+08                                 41744         1 8.2E+12
  38349    -3.7E+07  2.3E-04  3.7E+07  4.0E+01     84  4.0782347E+08   3658    787     15  5.4E-02   43278         1 1.0E+13
  38449    -2.0E+07  1.8E-02  2.0E+07  4.0E+01     75  4.0590961E+08   2585   4381   4331 -1.1E-01   42474         1 3.9E+13
  38549              1.0E+00  1.2E-07  4.0E+01     78  4.0378141E+08                                 42048         1 3.1E+08
  38649              1.0E+00  4.3E-06  3.9E+01     80  3.9647166E+08                                 42719         1 6.3E+11
  38749     8.0E+07  3.6E-03  7.9E+07  3.9E+01     65  3.9376293E+08   4907   4182   4234 -6.1E-01   43404         1 5.7E+13
  38849    -6.9E+07  4.4E-02  6.6E+07  3.9E+01     66  3.9119243E+08   4381    238   4751 -1.1E+00   44324         1 7.8E+12
  38949    -8.8E+06  1.0E+00  5.2E-05  3.8E+01     55  3.8912721E+08   2581                          43046         2 6.1E+02
  39049    -1.4E+08  4.3E-02  6.2E+07  3.7E+01     65  3.7930810E+08   4196   4196   4596  3.1E-01   43951         1 3.7E+13
  39149    -3.1E+08  1.6E-02  2.3E+07  3.7E+01     62  3.7632785E+08   2551   2551   4100  8.3E+01   43953         1 1.3E+12
  39249              1.0E+00  8.5E-06  3.7E+01     68  3.7265891E+08                                 42960         1 5.7E+13
  39349     3.5E+09  1.1E-06  8.3E-07  3.6E+01     50  3.6701162E+08   4623   4623   4371 -1.0E+00   43248         1 1.0E+13
  39449              1.0E+00  3.6E-05  3.5E+01     59  3.5207304E+08                                 43887         1 3.0E+14
  39549              1.0E+00  5.1E-05  3.4E+01     55  3.4690437E+08                                 42933         1 2.1E+14
  39649    -1.4E+07  1.4E-02  1.3E+07  3.3E+01     56  3.4116395E+08    245   4577   4759 -5.9E+00   43283         1 4.9E+10
  39749              1.0E+00  5.8E-06  3.3E+01     67  3.3655224E+08                                 44241         1 5.7E+11
  39849     2.0E+07  3.8E-01  1.2E+07  3.2E+01     61  3.3104543E+08   3799   3934   2565 -6.8E-01   44346         1 9.9E+12
  39949    -4.2E+06  3.1E-02  4.2E+06  3.2E+01     55  3.2763386E+08   4821   4821   4100  3.9E-01   45014         1 3.8E+12
  40049              1.0E+00  2.6E-06  3.2E+01     62  3.2496754E+08                                 43425         1 5.8E+11
  40149              1.0E+00  9.0E-06  3.1E+01     55  3.2061626E+08                                 44847         1 3.3E+13
  40249              1.0E+00  4.3E-02  3.1E+01     54  3.1662973E+08                                 42914         1 4.5E+10
  40349              1.0E+00  2.7E-05  3.1E+01     48  3.1190695E+08                                 43233         1 1.5E+13
  40449              1.0E+00  1.2E-07  3.0E+01     48  3.0526114E+08                                 44512         1 1.9E+11
  40549    -2.9E+08  5.5E-02  6.7E+05  2.9E+01     53  3.0059066E+08   4596   4596   3381  3.9E+00   43182         1 2.7E+07
  40649              1.0E+00  6.3E-06  2.9E+01     47  2.9592922E+08                                 43899         1 1.0E+13
  40749              1.0E+00  2.6E-06  2.9E+01     48  2.9374536E+08                                 43635         1 8.7E+12
  40849    -1.7E+13  1.0E+00  1.6E-02  2.8E+01      5  2.9036979E+08   4514                          47357         1 3.0E+21
  40949    -9.5E+07  1.4E-01  8.4E+04  2.8E+01     49  2.8556795E+08   4252   4252   4089  2.7E-01   43422         1 2.9E+06
  41049     4.5E+06  1.4E-01  3.9E+06  2.8E+01     47  2.8282865E+08   4046    217   2559 -1.6E-01   42946         1 8.5E+11
  41149    -2.3E+08  4.2E-02  2.7E+06  2.7E+01     54  2.7963399E+08   3994   3994   3644            42833         1 7.1E+08
  41249              1.0E+00  7.8E-06  2.7E+01     47  2.7749302E+08                                 42794         1 3.6E+13
  41349     3.1E+11  2.4E-02  5.9E+04  2.7E+01      4  2.7165798E+08   4388   4388   3988            43383         1 6.9E+08

    Itn     QP mult  QP step   rgNorm  SumInfE NonOpt Elastic QP obj   +SBS   -SBS    -BS    Pivot     L+U ncp    nS condZHZ
  41449    -3.0E+07  1.8E-01  3.5E+05  2.7E+01     43  2.6970342E+08   3681   3681     10  1.1E-01   42374         1 2.0E+09
  41549              1.0E+00  4.4E-05  2.6E+01     54  2.6508243E+08                                 45518         1 2.3E+13
  41649              1.0E+00  1.5E-07  2.6E+01     36  2.6294754E+08                                 45097         1 5.8E+10
  41749              1.0E+00  1.5E-03  2.6E+01     34  2.5999822E+08                                 44442         2 1.6E+06
  41849    -7.3E+05  1.4E-02  7.2E+05  2.5E+01     32  2.4991311E+08   1143   4256    709 -7.0E-01   44945         1 6.2E+08
  41949     1.4E+08  4.6E-03  1.4E+08  2.4E+01     38  2.4579043E+08   2551   2605   4884 -4.7E-01   46684         1 6.9E+12
  42049              1.0E+00  9.6E-08  2.4E+01     39  2.4024108E+08                                 45501         1 9.2E+08
  42149              1.0E+00  6.6E-06  2.3E+01     32  2.3632727E+08                                 44615         1 3.2E+12
  42249              1.0E+00  1.5E-08  2.3E+01     41  2.3255788E+08                                 45197         1 1.1E+07
  42349              1.0E+00  2.1E-05  2.3E+01     43  2.3012123E+08                                 43265         1 6.3E+13

   Itns Major Minors    Step   nCon Feasible  Optimal  MeritFunction     L+U BSwap     nS condZHZ Penalty
  42436     4  12287 1.0E+00      7  1.3E+01  2.3E-03  3.2867949E+07   44400            1 9.2E+10 3.2E+03 _ m  it

    Itn     FP mult  FP step   rgNorm  SumInfE NumInf         SumInf   +SBS   -SBS    -BS    Pivot     L+U ncp    nS condZHZ
  42536     1.5E+04  2.1E-09           4.4E+01    110  3.0451801E+02   4702   4702      9            43187
  42636     2.2E+05  3.8E-11           4.1E+01     93  1.8379851E+02   4772   4772     13            42748
  42736    -1.9E+03  1.9E-07           4.1E+01     85  1.2175349E+02     13     13   3877            40763
  42836     5.1E+02  1.8E-06           4.2E+01     78  7.6223318E+01   3616   3616   3812            40136
  42936    -5.1E+02  3.5E-07           4.1E+01     74  4.7877558E+01     11     11     21            39142
  43036     2.1E+02  1.3E-06           4.5E+01     50  3.8861849E+01   4777   4777      9            39079
  43136    -6.0E+02  1.1E-07           4.5E+01     48  2.8947840E+01     21     21      9            40586
  43236    -4.4E+02  1.1E-13           4.4E+01     47  2.0945080E+01   3796   3796   4048            39147
  43336     1.3E+02  4.9E-06           4.7E+01     42  1.5553280E+01   4822   4822      9            38282
  43436     9.9E+01  9.9E-07           4.8E+01     28  1.0051112E+01   3946   3946   4370            37638
  43536    -1.3E+02  3.4E-07           4.9E+01     19  6.0799662E+00   2551   2551    730            37063
  43636     2.5E+02  1.8E-07           4.9E+01     14  4.0473135E+00   3764   3764   2579            37823
  43736    -8.8E+00  5.5E-06           5.0E+01     13  1.7114062E+00   4867   4867     21            36759
  43836    -4.7E+00  3.5E-04           5.2E+01     12  1.2109580E+00   3841   3841   2581            36226
  43936    -3.8E-01  5.6E-03           5.3E+01      5  7.0841166E-01   4558   4558   4807            36206
  44036     3.6E+01  5.4E-06           5.3E+01      5  4.6879193E-01   3759   3759   4867            36519
  44136    -2.6E+00  1.4E-05           5.5E+01      3  3.9878937E-01     12     12   4504            35927
  44236    -1.7E-01  1.5E-03           5.5E+01      2  1.4327762E-01   2591   2591   4716            35892
  44336    -1.7E+00  1.0E-04           6.1E+01      2  1.0344564E-01   4387   4387   4609            36144
  44436     8.7E-01  5.6E-11           6.4E+01      1  4.4316976E-02   4588   4588   4744            35745

    Itn     QP mult  QP step   rgNorm  SumInfE NonOpt Elastic QP obj   +SBS   -SBS    -BS    Pivot     L+U ncp    nS condZHZ
  44536     1.0E+11  1.9E-10           6.6E+01   1309  1.4583066E+10   4750   4750   4744 -1.0E+00   35865
  44636     2.1E+12  1.3E-03           6.7E+01   1212  6.7891354E+09   4903   4903      7  5.1E+01   35691
  44736    -2.6E+10  2.0E-09           7.7E+01   1019  3.3048824E+09    262    262      9  1.3E-01   36849
  44836    -2.0E+10  1.2E-02           8.6E+01   1059  1.5559501E+09   3764   3764   4012 -2.9E-01   36141
  44936    -1.5E+11  3.5E-04  1.2E+09  9.4E+01    678  9.3260794E+08    262    262      8  3.7E+01   37654         1 2.7E+14
  45036     2.0E+09  1.3E-02  2.6E+09  8.6E+01    124  8.4505432E+08   2579   2579   3764 -3.4E-01   38627         1 7.1E+13
  45136              1.0E+00  3.6E-06  7.9E+01    108  7.7964856E+08                                 34371         1 2.8E+12
  45236              1.0E+00  3.8E-06  7.2E+01    108  7.1962431E+08                                 35597         1 1.5E+13
  45336              1.0E+00  3.3E-05  6.9E+01     89  6.8605561E+08                                 36003         1 2.9E+12
  45436    -2.2E+08  4.3E-03  7.5E+08  6.8E+01     88  6.7181894E+08   3675   3675      8  6.4E-01   37052         1 5.4E+14
  45536     4.1E+09  7.7E-03  4.5E+07  6.7E+01     87  6.5980096E+08   4164   4164   4596  1.8E+01   36890         1 6.4E+12
  45636              1.0E+00  2.3E-06  6.5E+01     70  6.4602715E+08                                 37343         1 2.2E+13
  45736              1.0E+00  3.4E-06  6.4E+01     76  6.3328399E+08                                 36342         1 1.1E+15
  45836              1.0E+00  6.1E-04  6.3E+01     70  6.2182402E+08                                 36877         1 1.4E+17
  45936     5.4E+07  2.2E-02  2.9E+08  6.2E+01     68  6.1605771E+08   3674   3674   4077  8.0E+00   36851         1 9.9E+11
  46036     5.2E+07  3.2E-10  5.6E-09  6.2E+01     62  6.1056445E+08   4873   4873   4864  1.0E+00   37680         1 8.6E+11
  46136              1.0E+00  2.8E-06  6.1E+01     62  6.0341826E+08                                 37509         1 1.0E+14
  46236     8.4E+07  7.0E-03  8.4E+07  6.0E+01     58  5.9341880E+08     86   3309    106  4.6E+00   38257         1 4.2E+11
  46336              9.4E-01           5.5E+01     65  5.5047416E+08          3675   4003 -4.1E-01   38301
  46436     3.0E+07  1.1E-02  2.6E+07  5.5E+01     58  5.4573240E+08   3309   3309   3640 -7.2E-01   39096         1 8.2E+11
  46536              1.0E+00  1.9E-06  5.1E+01     66  5.1736496E+08                                 40303         1 6.3E+10
  46636    -1.6E+08  2.3E-02  5.5E+07  5.1E+01     67  5.0762361E+08   3640   3640   3723  8.7E-01   38771         1 4.2E+12
  46736    -1.0E+08  3.9E-01           5.0E+01     52  5.0384769E+08   3674   3674   4888  1.7E+00   37586
  46836     6.4E+07  2.5E-02  2.0E+08  5.0E+01     52  4.9765446E+08   3880   3880    711 -2.2E+00   38541         1 2.6E+13
  46936    -3.9E+07  5.3E-02  2.4E+07  4.9E+01     54  4.9012041E+08   3657   3657    667  2.2E-01   39587         1 2.8E+11
  47036    -5.7E+08  5.9E-01           4.7E+01     58  4.6913255E+08      8      8    634  9.5E+00   39496
  47136     5.3E+07  2.1E-02  1.1E+06  4.6E+01     57  4.6421017E+08   4013   4013   4726  1.4E+00   40051         1 5.1E+09
  47236    -1.5E+07  9.6E-02  1.3E+07  4.6E+01     51  4.5948771E+08   2605   4666   4099  3.8E+00   40115         1 1.8E+11
  47336     4.6E+09  3.8E-09  8.0E-06  4.5E+01     52  4.5242816E+08   4902   4902   4464  1.0E+00   41145         1 6.9E+12
  47436    -2.6E+08  9.2E-03  2.6E+08  4.5E+01     52  4.4846058E+08   4019   4337   4198 -2.3E+00   41025         1 6.9E+12
  47536     4.3E+06  2.9E-02  4.1E+06  4.4E+01     43  4.4397908E+08    745   3899   4596  8.3E-01   42123         1 3.9E+07
  47636     2.6E+08  1.5E-02  2.5E+08  4.4E+01     46  4.3594083E+08   3268   4470   4492  7.9E-01   41698         1 1.1E+13
  47736              1.0E+00  2.3E-06  4.3E+01     45  4.3283844E+08                                 39731         1 1.5E+11
  47836    -1.1E+07  3.6E-01  7.1E+06  4.2E+01     46  4.1793847E+08     19   3777    702 -7.6E-01   39173         1 7.0E+11
  47936              1.0E+00  9.6E-08  4.1E+01     42  4.0723380E+08                                 40062         1 1.2E+09
  48036    -8.2E+06  1.2E-01  1.1E+04  4.0E+01     45  4.0402072E+08   4596   4596   4337  1.9E+00   39951         1 4.7E+07
  48136     6.7E+08  4.2E-02  5.1E+08  3.9E+01     51  3.9498153E+08   3674   3674   4516 -6.3E+00   40630         1 6.0E+13
  48236    -5.6E+07  8.5E-03  1.0E+05  3.9E+01     48  3.8908291E+08   4013   4013   4046  3.2E-01   40073         1 1.1E+09
  48336    -4.3E+07  1.3E-02  4.3E+07  3.8E+01     37  3.8298275E+08   2587      7   4666 -5.0E-01   42308         1 4.1E+13
  48436     1.6E+08  5.9E-03  5.5E+08  3.8E+01     44  3.7555471E+08   4046   4046   4513  6.7E-01   43405         1 1.2E+13

    Itn     QP mult  QP step   rgNorm  SumInfE NonOpt Elastic QP obj   +SBS   -SBS    -BS    Pivot     L+U ncp    nS condZHZ
  48536    -3.4E+08  5.6E-07           3.7E+01     38  3.6778993E+08   4195   4195   4204  1.0E+00   40879
  48636    -3.5E+07  1.5E-02  3.6E+07  3.7E+01     45  3.6224587E+08   3899   3899   4596  3.6E-01   41174         1 3.0E+11
  48736    -4.5E+08  6.8E-03  4.5E+08  3.6E+01     39  3.5785749E+08   4090   4094   4065  1.7E-01   42199         1 1.7E+14
  48836              1.0E+00  8.1E-07  3.5E+01     39  3.5187654E+08                                 40624         1 2.9E+14
  48936              1.0E+00  1.2E-05  3.4E+01     36  3.4025319E+08                                 40279         1 4.0E+13
  49036     1.5E+08  7.3E-04  5.0E+06  3.3E+01     32  3.2960556E+08    592    592   4618 -9.1E-02   40872         1 6.5E+08
  49136     1.4E+09  8.4E-03  1.4E+09  3.2E+01     38  3.2014953E+08      7   3800   4383 -1.5E+01   41548         1 1.4E+14
  49236    -1.8E+06  3.6E-03  1.8E+06  3.2E+01     31  3.1807389E+08    724   4047   4514 -5.1E-02   42160         1 1.2E+10
  49336              1.0E+00  6.0E-08  3.1E+01     35  3.1266072E+08                                 41177         1 1.4E+11
  49436              1.0E+00  5.1E-07  3.1E+01     36  3.0921720E+08                                 41500         1 1.1E+08
  49536     1.4E+06  8.3E-03  1.3E+06  3.1E+01     29  3.0806144E+08    895   4052   3740  6.0E+00   42510         1 5.1E+07
  49636              1.0E+00  3.1E-06  3.0E+01     33  3.0293357E+08                                 42652         1 2.3E+14
  49736              6.6E-01           3.0E+01     36  2.9912656E+08           871      7  2.3E-02   42533
  49836     2.1E+07  3.8E-02  4.8E+05  3.0E+01     30  2.9409125E+08    592    592   2569 -5.0E-01   42299         1 5.2E+10
  49936     5.6E+06  1.9E-02  4.4E+06  2.9E+01     29  2.9179904E+08   2553   2553   4383 -2.7E-01   42468         1 1.1E+13
  50036              1.0E+00  1.2E+00  2.9E+01     28  2.8892213E+08                                 43665         2 1.2E+03
  50136     1.0E+07  1.8E-01  8.6E+06  2.9E+01     27  2.8511891E+08   3835   4256   3675 -2.0E-01   43504         1 6.6E+12
  50236     6.8E+07  4.2E-02  9.8E+07  2.8E+01     32  2.8125244E+08      7      7   4815 -1.2E-01   43405         1 4.5E+12
  50336    -9.4E+07  1.1E-01  8.4E+07  2.8E+01     27  2.7692947E+08    360   2569    592 -2.1E+01   42444         1 1.2E+15
  50436              1.0E+00  1.3E-07  2.8E+01     30  2.7501294E+08                                 43375         1 2.2E+06
  50536              1.0E+00  6.2E-06  2.7E+01     26  2.6648113E+08                                 43374         1 1.6E+13
  50636              1.0E+00  9.7E-07  2.7E+01     24  2.6369440E+08                                 42310         1 1.5E+12
  50736    -2.8E+06  4.7E-02  5.1E+03  2.6E+01     23  2.6324445E+08   3794   3794   4046 -1.0E+00   43102         1 2.7E+10
  50836    -2.3E+08  5.2E-03  2.2E+08  2.6E+01     20  2.6239374E+08   4047   2583   4245  1.8E+01   42104         1 2.5E+14
  50936              1.0E+00  1.5E-05  2.6E+01     20  2.6054751E+08                                 42979         1 5.8E+13
  51036              1.0E+00  1.2E-04  2.6E+01     28  2.5607591E+08                                 44319         1 5.1E+13
  51136              1.0E+00  2.5E-08  2.6E+01     25  2.5445289E+08                                 44033         1 2.2E+08
  51236    -1.2E+07  3.9E-03  1.2E+07  2.5E+01     23  2.5082266E+08   3675    115   3826 -5.2E-01   43856         1 8.4E+11
  51336     2.4E+08  1.0E+00  2.0E-05  2.5E+01     32  2.4928506E+08   4641                          44823         1 3.1E+12
  51436    -2.7E+06  1.0E-01  2.4E+06  2.5E+01     20  2.4846408E+08   4288   3952         7.7E-04   43420         1 1.4E+10
  51536              1.0E+00  6.8E-06  2.5E+01     24  2.4649745E+08                                 43874         1 1.6E+12
  51636    -3.4E+05  2.5E-03  3.4E+05  2.5E+01     16  2.4423821E+08    774   4641   2547            40960         1 5.4E+08
  51736    -3.0E+07  2.1E-01  5.6E+04  2.5E+01     24  2.4314857E+08   4514   4514   2569  8.4E+00   42120         1 2.7E+07
  51836              1.0E+00  5.6E-06  2.5E+01     22  2.4209364E+08                                 42449         1 4.5E+12
  51936     3.4E+05  1.6E-02  3.4E+05  2.4E+01     15  2.3797889E+08    835    867   4509 -1.5E-02   43483         1 1.1E+06
  52036     7.5E+06  1.0E+00  1.4E-06  2.4E+01     14  2.3577148E+08   2555                          43673         1 2.1E+11
  52136              1.0E+00  6.3E-07  2.4E+01     11  2.3480987E+08                                 44310         1 3.1E+09
  52236              1.0E+00  7.1E-09  2.4E+01     17  2.3227853E+08                                 44214         1 1.4E+08
  52336    -1.8E+10  1.0E+00  9.4E-04  2.4E+01     18  2.3123208E+08   3926                          44669         1 1.8E+17
  52436              1.0E+00  2.9E-07  2.4E+01     14  2.3071235E+08                                 44333         1 2.7E+06

    Itn     QP mult  QP step   rgNorm  SumInfE NonOpt Elastic QP obj   +SBS   -SBS    -BS    Pivot     L+U ncp    nS condZHZ
  52536     5.1E+06  1.0E-07  2.8E-07  2.3E+01      4  2.2872171E+08   4489   4489   4363 -1.0E+00   44078         1 1.4E+13
  52636     9.1E+07  1.0E+00  4.8E-05  2.3E+01      1  2.2791754E+08   4589                          44558         2 5.5E+04

   Itns Major Minors    Step   nCon Feasible  Optimal  MeritFunction     L+U BSwap     nS condZHZ Penalty
  52638     5  10202 1.0E+00      9  4.3E+00  1.7E-01 -2.4809282E+09   44627            2 5.5E+04 1.1E+04 _ M  it

    Itn     FP mult  FP step   rgNorm  SumInfE NumInf         SumInf   +SBS   -SBS    -BS    Pivot     L+U ncp    nS condZHZ
  52738    -7.3E+03  3.5E-07           2.3E+02    170  1.5430268E+03   3272   3272   4090  9.1E-01   45248
  52838    -3.7E+03  1.8E-08           1.4E+02    121  8.3170741E+02   4429   4429    460  4.6E+00   44975
  52938    -2.5E+04  2.0E-15           2.1E+02     92  4.7353845E+02   4012   4012   4021  1.0E+00   44277
  53038     1.1E+03  8.2E-07           2.3E+02     65  3.7194108E+02   4359   4359      8 -8.1E-01   43456
  53138     1.6E+03  2.4E-07           1.5E+02     52  2.3476504E+02   4906   4906   3877 -3.6E+00   41644
  53238    -1.3E+04  2.9E-09           1.1E+02     45  1.3730121E+02   4083   4083   4555  1.1E+01   39378
  53338     1.7E+02  9.3E-07           1.1E+02     39  8.7716254E+01   3818   3818    763  6.1E+01   39678
  53438    -4.9E+01  7.8E-05           1.1E+02     34  5.7569373E+01     63     63   4627  1.4E-01   40560
  53538     5.9E+02  8.4E-14           1.2E+02     33  4.5091311E+01   4450   4450   4888  1.0E+00   38226
  53638     6.2E+01  1.1E-04           1.2E+02     29  3.3482471E+01   4435   4435   4303  1.8E+00   40369
  53738     4.7E+01  1.2E-11           1.3E+02     27  2.7268782E+01    269    269     11 -8.4E-02   38941
  53838     4.6E+01  1.2E-05           1.3E+02     24  2.0703208E+01   4078   4078     18 -4.6E-01   39500
  53938     1.9E+02  3.3E-07           1.2E+02     13  5.1965392E+00   4490   4490     29  2.9E+00   39545
  54038    -3.3E+00  1.6E-04           1.2E+02     11  4.3094445E+00    228    228      5  1.3E-01   39188
  54138    -6.9E+00  3.1E-06           1.1E+02      7  3.6620918E+00   4320   4320   4238  6.4E+00   38341
  54238    -5.0E+00  1.0E-10           1.2E+02      7  3.2637746E+00    128    128      4  9.9E-02   38962
  54338     7.2E+00  5.1E-05           1.2E+02      6  2.4187425E+00   4647   4647   4393  1.0E+00   38791
  54438    -9.7E+00  1.8E-04           1.4E+02      3  4.9651852E-01   4543   4543     11  4.9E-02   38524
  54538    -9.4E-02  1.7E-01           1.4E+02      2  2.1487952E-01   2743   2743     16  1.3E-02   38185

    Itn     QP mult  QP step   rgNorm  SumInfE NonOpt Elastic QP obj   +SBS   -SBS    -BS    Pivot     L+U ncp    nS condZHZ
  54638     1.4E+11  8.0E-03           1.4E+02   1277  6.9573807E+09   4515   4515   2549            35080
  54738     1.4E+10  3.2E-02           1.5E+02   1086  2.1223413E+09   4083   4083   3925 -2.6E-01   35226
  54838              1.0E+00  2.1E-04  1.4E+02    756  1.3831638E+09                                 37831         1 6.9E+15
  54938     7.2E+08  1.0E+00  1.0E-06  1.3E+02    718  1.2647592E+09   4003                          38192         1 4.5E+11
  55038    -1.0E+09  2.8E-03           1.2E+02    677  1.1465177E+09    194    194    203 -4.8E-02   36791
  55138     3.6E+09  2.5E-03  3.6E+09  1.1E+02    137  1.0824828E+09    225   4070   4220 -8.2E-01   36471         1 1.9E+13
  55238     4.7E+08  1.0E+00  7.7E-06  1.1E+02    121  1.0414778E+09   4629                          36930         1 3.0E+12
  55338     4.3E+08  9.1E-11  2.8E-05  1.0E+02    123  9.9236929E+08   4498   4498   4495 -1.0E+00   37018         1 4.6E+12
  55438              5.2E-01           9.5E+01    103  9.4121944E+08          4376   4489 -1.4E+00   37110
  55538    -1.3E+08  7.2E-04  3.1E+08  9.3E+01    105  9.1536982E+08   3856   3856   4852 -1.5E+00   37344         1 7.3E+12
  55638              1.0E+00  6.7E-06  8.8E+01    113  8.6751959E+08                                 37426         1 1.0E+14
  55738              1.0E+00  5.2E-06  8.5E+01     95  8.3481955E+08                                 39168         2 2.3E+01
  55838    -1.6E+09  3.6E-04  3.7E+07  8.2E+01    101  8.0828293E+08   4003   4003   2587 -4.8E+00   37812         1 3.1E+12
  55938    -5.3E+07  2.2E-03  3.6E+08  8.0E+01     91  7.8587176E+08   3316   3316   4003  3.5E-02   38161         2 3.0E+00
  56038              1.0E+00  2.4E-06  7.9E+01     90  7.6997066E+08                                 39374         1 2.2E+12
  56138              5.0E-01           7.6E+01     83  7.5090121E+08          4751   3938 -4.3E-01   36754
  56238              1.0E+00  3.0E-04  7.6E+01     80  7.4582674E+08                                 39315         2 2.1E+01
  56338              1.0E+00  3.8E-07  7.5E+01     82  7.3439591E+08                                 38933         1 6.8E+06
  56438              1.0E+00  1.0E-04  7.4E+01     77  7.2762825E+08                                 39127         2 8.6E+01
  56538    -4.4E+07  1.4E-02  1.1E+07  7.3E+01     71  7.1733352E+08   3794   3794   3880 -3.1E-01   38615         1 2.6E+12
  56638              5.4E-01           7.1E+01     79  7.0080220E+08          3717   4714  3.2E-01   39128
  56738     6.6E+10  2.8E-05           6.4E+01     73  6.2945922E+08   4177   4177     14 -2.6E-01   39356
  56838     5.5E+07  3.8E-03  4.8E+08  5.9E+01     65  5.8053627E+08   3314   3314   4810  2.2E-01   40961         1 5.0E+13
  56938    -1.7E+08  2.1E-02  1.1E+06  5.7E+01     69  5.5898659E+08   4258   4258   4231  1.3E+00   39822         1 2.2E+11
  57038    -9.0E+08  7.5E-02  8.3E+08  5.6E+01     60  5.5540680E+08   3675   3945   2557 -8.5E-01   40169         1 4.2E+12
  57138     3.6E+07  2.6E-01  2.6E+07  5.5E+01     66  5.4546766E+08   3674   3292   2569 -1.1E+00   40449         1 9.2E+11
  57238              1.0E+00  4.3E-06  5.5E+01     64  5.3920490E+08                                 40733         1 3.7E+10
  57338              1.0E+00  1.0E-06  5.4E+01     58  5.3275136E+08                                 41384         1 3.6E+11
  57438              1.0E+00  4.5E-06  5.3E+01     61  5.2712154E+08                                 41818         1 4.2E+13
  57538    -5.6E+07  8.0E-03  6.1E+07  5.3E+01     63  5.2030537E+08   3955   3955   4645 -6.5E-01   40794         1 3.9E+12
  57638    -2.3E+07  2.6E-02  2.2E+07  5.2E+01     57  5.1499863E+08   3681    138   4457  7.0E-04   42523         1 5.1E+12
  57738    -1.4E+08  1.6E-02  1.4E+08  5.2E+01     59  5.1027259E+08   4220    196   2547 -4.9E-01   41214         1 3.7E+10
  57838     1.2E+08  7.1E-02  1.1E+08  5.1E+01     63  5.0026489E+08   3888   4872        -2.0E-03   42514         1 9.2E+11
  57938     6.2E+08  5.0E-02  5.9E+08  5.0E+01     58  4.9527891E+08   4052   4198   4882 -4.7E+00   39084         1 1.5E+15
  58038              1.0E+00  1.1E-06  4.9E+01     64  4.9079627E+08                                 40525         1 3.8E+12
  58138              1.0E+00  2.3E-07  4.8E+01     63  4.8135803E+08                                 40980         1 3.6E+10
  58238     3.7E+07  5.3E-02  2.4E+04  4.8E+01     66  4.7751405E+08   3888   3888   3663 -1.3E+00   40590         1 6.8E+06
  58338              1.0E+00  9.3E-07  4.8E+01     53  4.7243543E+08                                 41097         1 3.8E+12
  58438    -1.0E+08  3.9E-03  6.4E+06  4.7E+01     56  4.6767036E+08   4240   4240   3800 -2.6E-02   41006         1 5.6E+11
  58538     3.6E+08  6.6E-03  3.5E+08  4.6E+01     57  4.5943389E+08   4735   4351   4480  3.3E-01   40656         1 4.5E+14

    Itn     QP mult  QP step   rgNorm  SumInfE NonOpt Elastic QP obj   +SBS   -SBS    -BS    Pivot     L+U ncp    nS condZHZ
  58638     1.1E+08  1.6E-02  1.1E+08  4.5E+01     57  4.5545095E+08   4451   3656    555 -4.2E+00   40018         1 3.9E+12
  58738              1.0E+00  3.9E-04  4.5E+01     50  4.5257279E+08                                 42249         2 1.4E+00
  58838              1.0E+00  1.4E-06  4.5E+01     53  4.4820746E+08                                 41516         1 2.9E+13
  58938              1.0E+00  2.4E-07  4.4E+01     50  4.3946378E+08                                 43019         1 9.0E+09
  59038     2.5E+06  2.7E-03  2.5E+06  4.4E+01     43  4.3646647E+08    729   3644        -7.7E-01   43289         1 2.5E+08
  59138     2.3E+07  2.8E-02  2.2E+07  4.2E+01     57  4.1943256E+08   4082   4861   4735            39956         1 8.5E+11
  59238              1.0E+00  4.3E-08  4.2E+01     47  4.1637241E+08                                 41534         1 2.5E+12
  59338              1.0E+00  3.3E-06  4.1E+01     45  4.0774980E+08                                 41411         1 1.8E+12
  59438              1.0E+00  3.6E-11  4.1E+01     49  4.0364072E+08                                 40606         1 8.5E+05
  59538     6.9E+07  7.8E-02  6.4E+07  4.0E+01     49  3.9691992E+08   3949   3920   4014  3.4E+00   40993         1 1.4E+12
  59638              5.7E-02           3.9E+01     46  3.8761372E+08            86   4710  7.1E-01   39914
  59738              1.0E+00  1.7E-08  3.8E+01     44  3.8157374E+08                                 40687         1 2.9E+07
  59838              1.0E+00  4.4E-07  3.8E+01     47  3.7749069E+08                                 40948         1 2.3E+08
  59938     1.0E+09  1.0E+00  1.0E-05  3.8E+01     43  3.7572697E+08   3824                          41276         1 2.0E+13
  60038              1.0E+00  1.5E-07  3.7E+01     44  3.7158530E+08                                 40841         1 6.6E+11
  60138              1.0E+00  2.2E-07  3.7E+01     45  3.6648699E+08                                 41565         1 1.7E+10
  60238              1.0E+00  2.0E-06  3.6E+01     44  3.6398578E+08                                 40692         1 7.9E+11
  60338              1.0E+00  5.4E-07  3.6E+01     43  3.6084238E+08                                 40847         1 1.4E+12
  60438              1.0E+00  1.4E-06  3.6E+01     44  3.5309360E+08                                 41877         1 2.5E+11
  60538              1.0E+00  5.1E-09  3.5E+01     44  3.4839033E+08                                 42606         1 3.1E+06
  60638              1.0E+00  2.1E-04  3.5E+01     44  3.4248836E+08                                 43434         1 4.9E+11
  60738     4.6E+07  1.0E+00  1.4E-04  3.4E+01     45  3.4081860E+08      7                          42058         2 1.3E+00
  60838     2.0E+06  6.4E-03  2.0E+06  3.4E+01     36  3.3685280E+08    878   4071        -1.3E-03   42166         3 1.9E+06
  60938    -2.0E+06  4.0E-01  1.2E+06  3.4E+01     44  3.3072646E+08   4676   3961   3369  1.2E+00   42900         2 3.3E+02
  61038              2.8E-01           3.3E+01     42  3.2697561E+08          3894   4457 -2.8E+00   42304
  61138    -1.5E+07  1.0E-01  7.6E+06  3.3E+01     39  3.2406768E+08   2559   2559   4215  2.3E-01   43234         1 1.1E+12
  61238     3.9E+08  5.7E-01           3.2E+01     40  3.1763359E+08   3675   3675   3674 -1.0E+00   45301
  61338              1.0E+00  2.3E-06  3.1E+01     44  3.1054364E+08                                 43880         1 3.3E+12
  61438     1.1E+09  3.2E-03  9.7E+06  3.1E+01     43  3.0525830E+08   4300   4300   4514  7.9E-01   42483         1 1.1E+12
  61538    -9.7E+07  7.1E-02  9.0E+07  3.0E+01     40  2.9883119E+08   4174   2557   4096  2.9E-01   40950         1 1.5E+13
  61638    -2.0E+06  2.9E-01  1.4E+06  3.0E+01     32  2.9720222E+08   2559   4866         7.0E-05   41883         1 1.7E+09
  61738              6.9E-03  2.0E+06  2.9E+01     34  2.9094891E+08          4895        -4.9E-03   44368         1 1.3E+07
  61838    -1.8E+06  4.6E-02  1.7E+06  2.9E+01     32  2.8779057E+08    783   4203   3920  6.3E+01   43851         2 8.7E+05
  61938    -5.1E+07  7.5E-02  3.0E+04  2.9E+01     38  2.8629106E+08   4866   4866   4389  7.8E-01   44422         1 2.1E+07
  62038              1.0E+00  1.8E-07  2.9E+01     38  2.8408988E+08                                 45094         1 7.0E+09
  62138     8.5E+06  4.3E-02  8.1E+06  2.9E+01     31  2.8146031E+08   3808   3381   3603  3.2E-02   42020         2 1.2E+04
  62238              1.0E+00  4.1E-09  2.8E+01     39  2.7834088E+08                                 41182         1 5.8E+07
  62338              1.0E+00  3.6E-06  2.8E+01     36  2.7528929E+08                                 42149         1 2.6E+12
  62438    -2.1E+08  1.0E-03  2.1E+08  2.8E+01     38  2.7213049E+08   4623   4514   4388 -1.0E+00   43308         1 1.1E+12
  62538    -2.0E+07  1.3E-03  2.0E+07  2.7E+01     32  2.6641219E+08   3381     19         1.5E-02   42595         1 1.3E+12

    Itn     QP mult  QP step   rgNorm  SumInfE NonOpt Elastic QP obj   +SBS   -SBS    -BS    Pivot     L+U ncp    nS condZHZ
  62638     1.4E+09  2.3E-01  1.1E+09  2.7E+01     34  2.6456526E+08   4773   3838   4177 -1.2E+00   43590         1 1.8E+14
  62738              1.0E+00  7.6E-06  2.6E+01     28  2.6347209E+08                                 41936         1 2.7E+12
  62838    -3.1E+07  3.3E-02  3.0E+07  2.6E+01     32  2.6201610E+08   2587   3967        -3.4E-03   44993         1 5.1E+11
  62938              1.0E+00  1.0E-05  2.6E+01     29  2.6030315E+08                                 43550         1 4.1E+13
  63038     4.9E+08  2.3E-02  1.4E+06  2.6E+01     32  2.5803019E+08   3596   3596   3314  5.4E+00   43742         1 3.0E+07
  63138              1.0E+00  2.6E-05  2.5E+01     32  2.5430126E+08                                 44606         1 7.8E+14
  63238              1.0E+00  1.6E-06  2.5E+01     32  2.5279714E+08                                 43634         1 5.9E+14
  63338     5.6E+07  5.5E-02  1.4E+06  2.5E+01     27  2.5132381E+08   3740   3740     19 -9.6E-01   44420         1 1.8E+11
  63438              1.0E+00  1.6E-04  2.5E+01     26  2.4884853E+08                                 44894         1 4.4E+12
  63538    -2.9E+06  1.0E+00  1.9E-03  2.5E+01     24  2.4792720E+08   4858                          43237         4 1.5E+02
  63638     5.3E+07  8.1E-02  4.9E+07  2.5E+01     30  2.4450242E+08   4390   2595   4102 -1.5E-01   44655         1 2.4E+12
  63738              1.0E+00  9.8E-07  2.5E+01     26  2.4388444E+08                                 43252         1 4.6E+11
  63838     1.1E+09  4.5E-01  6.0E+08  2.4E+01     27  2.4145507E+08   4331   4641        -6.0E-05   44339         2 6.8E+00
  63938    -3.4E+08  1.5E-06  9.7E-06  2.4E+01     28  2.3950554E+08   4026   4026   4176  1.0E+00   44936         2 6.3E+01
  64038     1.1E+07  1.8E-02  1.1E+04  2.4E+01     28  2.3625756E+08    615    615   4451  1.6E-01   43439         1 2.8E+07
  64138     3.9E+07  1.3E-02  3.8E+07  2.4E+01     30  2.3510765E+08   4469   3603   4866  2.1E+00   42745         1 2.2E+12
  64238    -2.0E+07  1.6E-08  1.7E-04  2.4E+01     22  2.3476327E+08   4357   4357   4369 -1.0E+00   42972         2 2.9E+01
  64338     2.1E+06  1.8E-01  1.7E+06  2.4E+01     19  2.3311388E+08   4676   4095   4026  2.8E-03   45476         2 1.3E+03
  64438    -5.1E+06  3.3E-01  3.5E+06  2.4E+01     21  2.3257052E+08   4579   4809        -2.6E-04   44226         2 1.6E+04
  64538    -9.2E+06  8.4E-02  8.5E+06  2.4E+01     17  2.2995848E+08   3314   3596         5.9E-03   45832         2 1.4E+00
  64638    -1.2E+10  7.5E-07           2.4E+01     23  2.2862739E+08   4176   4176   4026  1.0E+00   44021
  64738    -2.4E+07  2.9E-01  4.3E+07  2.3E+01     27  2.2673582E+08   4096   4096    174  5.3E+00   44629         1 3.4E+12
  64838              1.0E+00  6.4E-07  2.3E+01     22  2.2632523E+08                                 46958         1 3.5E+10
  64938    -6.4E+07  1.3E-01  1.9E+07  2.3E+01     25  2.2458503E+08   4855   4855   2559 -7.0E+00   43494         1 2.5E+12
  65038    -2.5E+10  2.9E-02  1.2E+06  2.3E+01     22  2.2317456E+08   4751   4751   3952 -3.3E+02   45128         1 1.1E+08
  65138              4.8E-01  1.1E+06  2.3E+01     17  2.1910392E+08          4804   3663  4.9E-01   44899         2 2.7E+02
  65238              1.0E+00  3.0E-05  2.2E+01     23  2.1665420E+08                                 45691         1 8.7E+13
  65338     9.5E+08  3.3E-04  1.0E+04  2.2E+01     27  2.1482187E+08   4352   4352   4604 -9.9E-01   44845         1 1.5E+13
  65438    -1.2E+08  1.0E-01  4.6E+04  2.2E+01     19  2.1338432E+08   4069   4069   4256  5.9E+00   43352         1 2.4E+07
  65538     1.1E+07  1.0E+00  1.2E-05  2.2E+01     14  2.1213338E+08   3614                          43011         2 1.6E+01
  65638              1.0E+00  8.9E-08  2.2E+01     18  2.1032776E+08                                 43345         1 4.4E+10
  65738    -5.3E+08  1.7E-06  2.9E-06  2.2E+01     17  2.0994918E+08   4779   4779   4365  1.0E+00   43249         1 4.0E+07
  65838    -2.5E+07  2.2E-09  1.5E-05  2.2E+01     15  2.0788993E+08   4777   4777   4780 -1.0E+00   44343         1 1.2E+12
  65938              1.0E+00  1.4E-08  2.1E+01     10  2.0744760E+08                                 44043         1 6.6E+08

   Itns Major Minors    Step   nCon Feasible  Optimal  MeritFunction     L+U BSwap     nS condZHZ Penalty
  66017     6  13379 5.7E-01     13  1.9E+00  1.9E-01 -8.1737487E+06   45641     2      4 1.2E+01 2.9E+05 _ M  it

    Itn     FP mult  FP step   rgNorm  SumInfE NumInf         SumInf   +SBS   -SBS    -BS    Pivot     L+U ncp    nS condZHZ
  66117     9.0E+01  3.8E-06           2.5E+01      7  9.5414714E-01   4071   4071   3926  5.3E-03   46209
  66217     6.9E+02  1.1E-09           2.5E+01      1  7.8626885E-02   3899   3899      1 -1.1E+01   47150

    Itn     QP mult  QP step   rgNorm  SumInfE NonOpt Elastic QP obj   +SBS   -SBS    -BS    Pivot     L+U ncp    nS condZHZ
  66317    -9.3E+08  1.3E-01           2.6E+01    397  2.5445965E+08     21     21   3926  2.1E-03   42377
  66417              2.5E-01           2.5E+01    732  2.4107018E+08          3267   4855  5.6E-01   43203
  66517              1.0E+00  1.5E-05  2.4E+01    687  2.2789247E+08                                 42623         1 1.8E+12
  66617              1.0E+00  4.5E-06  2.3E+01    640  2.2262512E+08                                 43605         1 2.8E+13
  66717              1.0E+00  4.8E-05  2.3E+01    715  2.1981095E+08                                 43842         1 7.7E+13
  66817    -6.3E+07  3.4E-02  6.1E+07  2.2E+01     99  2.1633546E+08   4615   4615   4495  1.0E+00   43203         1 2.9E+13
  66917              1.0E+00  4.9E-09  2.2E+01     94  2.1416695E+08                                 43055         1 9.7E+05
  67017     5.7E+08  3.1E-07  6.0E-07  2.2E+01     84  2.1086870E+08   4168   4168   4018  1.0E+00   42926         1 2.7E+12
  67117              1.0E+00  1.7E-04  2.1E+01     76  2.0698521E+08                                 43414         1 1.4E+14
  67217              1.0E+00  3.3E-05  2.1E+01     68  2.0401095E+08                                 43630         1 2.2E+11
  67317              1.0E+00  2.5E-05  2.1E+01     56  2.0248717E+08                                 40524         1 5.7E+13
  67417    -8.4E+07  1.0E+00  7.4E-07  2.1E+01     60  2.0012180E+08   4228                          44049         1 1.6E+11
  67517              1.0E+00  2.0E-09  2.1E+01     52  1.9885697E+08                                 41170         1 9.0E+06
  67617    -4.2E+07  8.1E-03  4.2E+07  2.0E+01     49  1.9742241E+08   4052   4042   4747 -5.2E+00   43344         1 6.3E+10
  67717     1.2E+07  8.0E-02  5.3E+07  2.0E+01     36  1.9702046E+08   3260   3260   3651 -5.9E-01   43467         2 3.1E+01
  67817    -3.6E+07  7.7E-07  8.1E-07  2.0E+01     36  1.9607368E+08   4168   4168   4024  1.0E+00   44140         1 5.3E+10
  67917              1.0E+00  1.8E-04  2.0E+01     44  1.9571678E+08                                 42746         1 1.1E+16
  68017              1.0E+00  3.6E-05  2.0E+01     32  1.9519291E+08                                 43215         2 1.3E+02
  68117              1.0E+00  6.3E-05  2.0E+01     24  1.9461806E+08                                 43207         2 3.4E+03
  68217    -1.0E+08  3.7E-02  1.0E+08  2.0E+01     47  1.9170810E+08      3   2569   3292            41678         1 6.7E+11
  68317    -2.8E+07  3.9E-01  1.7E+07  2.0E+01     28  1.9079296E+08   3651   4288   4089  6.9E+00   42406         1 1.6E+11
  68417              1.0E+00  1.2E-09  2.0E+01     29  1.8977667E+08                                 42695         1 1.8E+06
  68517    -7.8E+07  2.8E-02  4.9E+05  2.0E+01     30  1.8901553E+08   2557   2557   3818 -3.6E+00   43616         1 3.0E+07
  68617    -8.7E+07  1.0E+00  1.0E-06  2.0E+01     38  1.8736500E+08   3656                          44846         1 1.8E+11
  68717    -1.6E+07  9.5E-01  7.8E+05  1.9E+01     20  1.8646994E+08   3268      2         6.6E-05   44018         2 2.4E+01
  68817     2.2E+08  3.9E-01  1.4E+08  1.9E+01     26  1.8565531E+08   4895   4866   3961 -4.2E+00   46336         1 1.5E+14
  68917    -3.1E+06  7.7E-03  3.0E+06  1.9E+01     11  1.8542195E+08   4244   4041      2 -2.2E-01   43100         3 7.8E+00
  69017     9.1E+06  5.3E-07  6.7E-06  1.9E+01     13  1.8445005E+08   4486   4486   4777  1.0E+00   46789         1 3.9E+13
  69117              1.0E+00  2.3E-06  1.9E+01      6  1.8393429E+08                                 43657         3 2.7E+04

   Itns Major Minors    Step   nCon Feasible  Optimal  MeritFunction     L+U BSwap     nS condZHZ Penalty
  69163     7   3146 6.8E-01     16  1.2E+00  2.3E-01  2.2346279E+08   44425            6 7.8E+05 4.6E+05 _ M  it

    Itn     FP mult  FP step   rgNorm  SumInfE NumInf         SumInf   +SBS   -SBS    -BS    Pivot     L+U ncp    nS condZHZ
  69263    -4.1E+04  3.5E-09           3.1E+01     69  2.0059394E+02     10     10   2585  5.5E+00   47409
  69363    -9.8E+02  1.3E-06           2.9E+01     49  9.7615112E+01   4451   4451   4387  1.2E+00   45179
  69463    -2.1E+03  1.0E-06           2.9E+01     41  2.6113804E+01   4622   4622      5  1.1E-01   46615
  69563     2.7E+01  5.5E-07           2.9E+01     21  4.1901004E+00   3758   3758   3788  4.2E-01   46103
  69663    -4.5E+01  7.3E-06           2.9E+01     13  2.4435508E+00   2563   2563   4453  5.0E+00   43990
  69763     1.1E+02  9.2E-06           3.0E+01     11  8.6527664E-01   4814   4814   4132  4.9E-01   42141
  69863    -8.5E+00  5.8E-05           3.0E+01      5  4.0951999E-01   4132   4132   4039 -4.2E-01   44204
  69963     7.4E+00  4.6E-04           3.4E+01      3  7.9330420E-02   2591   2591   4646  1.5E-01   42712
  70063    -8.0E-02  3.2E-02           3.5E+01      2  2.8465925E-02    511    511      4  8.9E-03   43184
  70163     1.4E-01  3.5E-10           3.5E+01      2  1.1590056E-02   4207   4207   4216  1.0E+00   41924
  70263    -1.4E-01  1.6E-02           3.5E+01      1  1.5383828E-03   2605   2605   3662  7.0E-01   41426

    Itn     QP mult  QP step   rgNorm  SumInfE NonOpt Elastic QP obj   +SBS   -SBS    -BS    Pivot     L+U ncp    nS condZHZ
  70363     8.2E+09  2.6E-02           3.6E+01    982  4.3589419E+08   4855   4855    873            37649
  70463    -3.1E+09  3.8E-02           3.5E+01    789  3.6545630E+08     10     10   4239 -1.4E+01   37994
  70563              1.0E+00  2.8E-04  3.4E+01    728  3.3294997E+08                                 40034         1 1.0E+12
  70663    -1.2E+08  1.0E+00  6.1E-06  3.3E+01    729  3.2026569E+08   3823                          38487         1 5.0E+12
  70763              1.0E+00  1.2E-05  3.2E+01    688  3.0864432E+08                                 41449         1 1.2E+13
  70863    -3.3E+08  5.2E-01           3.1E+01    100  3.0097816E+08   3794   3794     25  2.2E-01   37514
  70963    -7.6E+07  1.0E+00  4.2E-05  3.0E+01     87  2.9508666E+08   4042                          38202         2 1.0E+02
  71063    -6.3E+07  3.5E-01           2.9E+01     91  2.8507415E+08   4243   4243   3675 -4.2E-02   39227
  71163    -4.1E+07  5.7E-01  1.8E+07  2.9E+01     78  2.8059098E+08   4191   4858   4711  9.7E-01   39618         1 8.6E+12
  71263     9.9E+07  9.3E-01  4.9E+07  2.9E+01     76  2.7825236E+08   3838   3838   4873  8.3E-02   39061         1 3.7E+12
  71363     5.8E+07  2.0E-02  5.6E+07  2.8E+01     63  2.7467387E+08   4331   2579   3905 -9.7E-01   39417         1 3.9E+11
  71463              1.0E+00  2.0E-06  2.8E+01     56  2.7065992E+08                                 40840         1 3.2E+12
  71563     1.9E+07  1.2E-02  1.9E+07  2.7E+01     51  2.6753050E+08   4213   3771   4239  1.1E+01   40253         2 1.1E+00
  71663     3.9E+08  2.0E-02           2.7E+01     52  2.6476031E+08   3626   3626   4666  1.3E+01   40883
  71763              1.0E+00  6.5E-06  2.7E+01     56  2.6315821E+08                                 40409         1 1.5E+11
  71863              1.0E+00  5.4E-06  2.7E+01     34  2.6180444E+08                                 42932         1 4.6E+12
  71963              1.0E+00  1.8E-05  2.6E+01     41  2.5879330E+08                                 43537         1 1.0E+14
  72063     4.0E+07  1.0E+00  1.8E-06  2.6E+01     43  2.5339035E+08   3633                          41576         1 2.1E+11
  72163     1.5E+08  2.1E-01           2.6E+01     42  2.5191630E+08   4243   4243   3967  6.1E-01   41518
  72263              1.0E+00  7.3E-07  2.6E+01     28  2.5015723E+08                                 41079         1 5.9E+10
  72363    -3.8E+07  1.0E+00  6.1E-05  2.5E+01     35  2.4587039E+08   2565                          44682         2 1.1E+02
  72463              1.0E+00  3.4E-06  2.5E+01     30  2.4445193E+08                                 44412         1 1.3E+12
  72563              6.2E-01           2.5E+01     45  2.4200704E+08          4747   3740  2.8E+00   43872
  72663              1.0E+00  1.3E-08  2.4E+01     34  2.3858317E+08                                 44066         1 5.8E+10
  72763    -7.2E+06  3.5E-01  2.1E+07  2.4E+01     26  2.3541611E+08   2597   2597   4058  5.8E-02   44511         1 3.7E+11
  72863     1.7E+07  1.2E-01  1.5E+07  2.4E+01     30  2.3101069E+08    702   3759   3920  1.3E-01   45641         3 7.8E+02
  72963              5.3E-01  5.2E+05  2.4E+01     35  2.2996680E+08          3268   3369 -2.5E+00   44178         1 7.3E+07
  73063    -2.7E+07  2.8E-02  2.6E+07  2.3E+01     28  2.2793841E+08   4877   4196   4300  4.0E-01   41775         2 4.9E+03
  73163    -3.4E+07  2.5E-01  2.5E+07  2.3E+01     32  2.2494637E+08   4855     25         7.7E-05   41441         1 2.9E+11
  73263     1.1E+10  1.0E+00  1.4E-04  2.3E+01     31  2.2386929E+08   3800                          41840         1 2.5E+15
  73363    -9.3E+06  8.6E-02  4.6E+07  2.3E+01     29  2.2201198E+08   4810   4810   4258  2.1E-01   42447         1 5.4E+11
  73463    -2.2E+08  5.1E-02           2.3E+01     27  2.2005600E+08   4308   4308   2597  7.4E+00   42751
  73563    -7.1E+07  2.3E-02           2.2E+01     30  2.1672315E+08   4858   4858     21  2.9E-01   43502
  73663     5.2E+07  4.8E-01  1.3E+08  2.2E+01     22  2.1534676E+08   2557   2557   4169 -4.4E+00   44535         3 5.6E+03
  73763     7.1E+06  1.9E-09  2.4E-05  2.2E+01     21  2.1296213E+08   4729   4729   4726 -1.0E+00   43785         3 3.2E+02
  73863    -1.2E+09  1.0E+00  1.2E-04  2.2E+01     26  2.0992394E+08   4583                          43879         2 8.0E+01
  73963    -9.9E+07  4.4E-09  2.0E-06  2.1E+01     25  2.0523400E+08   4450   4450   4459  1.0E+00   45292         1 2.5E+11
  74063              1.0E+00  1.1E-04  2.1E+01     27  2.0207834E+08                                 42963         2 8.7E+00
  74163    -4.9E+07  1.6E-02  4.8E+07  2.1E+01     26  1.9961579E+08   4652     21         8.4E-04   46254         1 1.2E+12
  74263     5.9E+07  1.5E-02  3.1E+08  2.1E+01     18  1.9858732E+08   4102   4102   3651 -1.1E+00   45254         2 2.0E+05

    Itn     QP mult  QP step   rgNorm  SumInfE NonOpt Elastic QP obj   +SBS   -SBS    -BS    Pivot     L+U ncp    nS condZHZ
